2017-12-28 21:55:41 INFO  JavaRushTasksProjectComponent.projectOpened(68) - ---------- Project JavaRushTasks opened ----------

2017-12-28 21:55:41 INFO  ApacheHttpClient.createAsyncHttpClient(125) - Выбрано 1 прокси.
2017-12-28 21:55:41 INFO  ApacheHttpClient.<init>(85) - ApacheHttpClient проинстанциирован успешно.
2017-12-28 21:55:42 INFO  ApacheHttpClient.testConnection(178) - responseCode = 200
2017-12-28 21:55:42 INFO  ApacheHttpClient.testConnection(185) - result = true
2017-12-28 21:55:42 INFO  ApacheHttpClient.login(209) - Ожидание ответа сервера.
2017-12-28 21:55:42 INFO  ApacheHttpClient.login(213) - responseCode200
2017-12-28 21:55:42 INFO  ApacheHttpClient.login(244) - JSESSIONID=BDB5038DFC89BCD41A8D535B8CC799C7
2017-12-28 21:55:42 INFO  ApacheHttpClient.refreshUserInfo(272) - responseCode = 200
2017-12-28 21:55:42 INFO  ApacheHttpClient.refreshUserInfo(278) - Информация о пользователе получена.
2017-12-28 21:55:42 INFO  ApacheHttpClient.startGA(32) - GAService запущен.
2017-12-28 21:55:42 INFO  AbstractRestApiClient.startService(70) - EventsService запущен.
2017-12-28 21:55:48 INFO  ApacheHttpClient.getWebResourceAsStream(420) - responseCode = 200
2017-12-28 21:55:48 INFO  ApacheHttpClient.getFilteredTasks(307) - responseCode = 200
2017-12-28 21:55:57 INFO  ApacheHttpClient.testConnection(178) - responseCode = 200
2017-12-28 21:55:57 INFO  ApacheHttpClient.testConnection(185) - result = true
2017-12-28 21:55:57 INFO  ApacheHttpClient.testConnection(178) - responseCode = 200
2017-12-28 21:55:57 INFO  ApacheHttpClient.testConnection(185) - result = true
2017-12-28 21:55:58 INFO  ApacheHttpClient.getWebResourceAsStream(420) - responseCode = 200
2017-12-28 21:56:42 INFO  ApacheHttpClient.sendEvent(450) - responseCode = 200
2017-12-28 21:57:42 INFO  ApacheHttpClient.sendEvent(450) - responseCode = 200
2017-12-28 21:58:42 INFO  ApacheHttpClient.sendEvent(450) - responseCode = 200
2017-12-28 21:59:42 INFO  ApacheHttpClient.sendEvent(450) - responseCode = 200
2017-12-28 22:00:42 INFO  ApacheHttpClient.sendEvent(450) - responseCode = 200
2017-12-28 22:01:42 INFO  ApacheHttpClient.sendEvent(450) - responseCode = 200
2017-12-28 22:02:42 INFO  ApacheHttpClient.sendEvent(450) - responseCode = 200
2017-12-28 22:03:42 INFO  ApacheHttpClient.sendEvent(450) - responseCode = 200
2017-12-28 22:04:42 INFO  ApacheHttpClient.sendEvent(450) - responseCode = 200
2017-12-28 22:05:42 INFO  ApacheHttpClient.sendEvent(450) - responseCode = 200
2017-12-28 22:06:42 INFO  ApacheHttpClient.testConnection(178) - responseCode = 200
2017-12-28 22:06:42 INFO  ApacheHttpClient.testConnection(185) - result = true
2017-12-28 22:06:42 INFO  ApacheHttpClient.sendEvent(450) - responseCode = 200
2017-12-28 22:07:25 INFO  ApacheHttpClient.getWebResourceAsStream(420) - responseCode = 200
2017-12-28 22:07:25 INFO  ApacheHttpClient.getTask(405) - responseCode = 200
2017-12-28 22:07:25 INFO  ApacheHttpClient.getTask(405) - responseCode = 200
2017-12-28 22:07:26 INFO  ApacheHttpClient.getWebResourceAsStream(420) - responseCode = 200
2017-12-28 22:07:26 INFO  ApacheHttpClient.completed(27) - responseCode = 400
2017-12-28 22:07:26 WARN  TaskCompleted.run(66) - Задача "Set из котов" уже решена
2017-12-28 22:07:42 INFO  ApacheHttpClient.sendEvent(450) - responseCode = 200
2017-12-28 22:07:42 INFO  ApacheHttpClient.getWebResourceAsStream(420) - responseCode = 200
2017-12-28 22:07:42 INFO  ApacheHttpClient.getFilteredTasks(307) - responseCode = 200
2017-12-28 22:07:56 INFO  ApacheHttpClient.getWebResourceAsStream(420) - responseCode = 200
2017-12-28 22:07:56 INFO  ApacheHttpClient.getFilteredTasks(307) - responseCode = 200
2017-12-28 22:07:58 INFO  ApacheHttpClient.getTaskTemplateInfo(324) - responseCode = 200
2017-12-28 22:08:01 INFO  ApacheHttpClient.testConnection(178) - responseCode = 200
2017-12-28 22:08:01 INFO  ApacheHttpClient.testConnection(185) - result = true
2017-12-28 22:08:01 INFO  ApacheHttpClient.testConnection(178) - responseCode = 200
2017-12-28 22:08:01 INFO  ApacheHttpClient.testConnection(185) - result = true
2017-12-28 22:08:01 INFO  ApacheHttpClient.getWebResourceAsStream(420) - responseCode = 200
2017-12-28 22:08:14 INFO  ApacheHttpClient.getWebResourceAsStream(420) - responseCode = 200
2017-12-28 22:08:14 INFO  ApacheHttpClient.getTask(405) - responseCode = 200
2017-12-28 22:08:15 INFO  ApacheHttpClient.getWebResourceAsStream(420) - responseCode = 200
2017-12-28 22:08:16 INFO  ApacheHttpClient.completed(27) - responseCode = 200
2017-12-28 22:08:42 INFO  ApacheHttpClient.sendEvent(450) - responseCode = 200
2017-12-28 22:08:47 INFO  ApacheHttpClient.getWebResourceAsStream(420) - responseCode = 200
2017-12-28 22:08:47 INFO  ApacheHttpClient.getWebResourceAsStream(420) - responseCode = 200
2017-12-28 22:08:47 INFO  ApacheHttpClient.getTask(405) - responseCode = 200
2017-12-28 22:08:48 INFO  ApacheHttpClient.completed(27) - responseCode = 200
2017-12-28 22:08:49 INFO  ApacheHttpClient.getTask(405) - responseCode = 200
2017-12-28 22:09:16 INFO  ApacheHttpClient.getWebResourceAsStream(420) - responseCode = 200
2017-12-28 22:09:16 INFO  ApacheHttpClient.getFilteredTasks(307) - responseCode = 200
2017-12-28 22:09:19 INFO  ApacheHttpClient.getTaskTemplateInfo(324) - responseCode = 200
2017-12-28 22:09:19 INFO  ApacheHttpClient.testConnection(178) - responseCode = 200
2017-12-28 22:09:19 INFO  ApacheHttpClient.testConnection(185) - result = true
2017-12-28 22:09:19 INFO  ApacheHttpClient.testConnection(178) - responseCode = 200
2017-12-28 22:09:19 INFO  ApacheHttpClient.testConnection(185) - result = true
2017-12-28 22:09:19 INFO  ApacheHttpClient.getWebResourceAsStream(420) - responseCode = 200
2017-12-28 22:09:42 INFO  ApacheHttpClient.sendEvent(450) - responseCode = 200
2017-12-28 22:10:42 INFO  ApacheHttpClient.sendEvent(450) - responseCode = 200
2017-12-28 22:11:42 INFO  ApacheHttpClient.sendEvent(450) - responseCode = 200
2017-12-28 22:12:42 INFO  ApacheHttpClient.sendEvent(450) - responseCode = 200
2017-12-28 22:13:42 INFO  ApacheHttpClient.sendEvent(450) - responseCode = 200
2017-12-28 22:14:42 INFO  ApacheHttpClient.sendEvent(450) - responseCode = 200
2017-12-28 22:15:42 INFO  ApacheHttpClient.sendEvent(450) - responseCode = 200
2017-12-28 22:16:42 INFO  ApacheHttpClient.sendEvent(450) - responseCode = 200
2017-12-28 22:17:42 INFO  ApacheHttpClient.sendEvent(450) - responseCode = 200
2017-12-28 22:18:42 INFO  ApacheHttpClient.sendEvent(450) - responseCode = 200
2017-12-28 22:18:54 INFO  ApacheHttpClient.getWebResourceAsStream(420) - responseCode = 200
2017-12-28 22:18:54 INFO  ApacheHttpClient.getTask(405) - responseCode = 200
2017-12-28 22:18:54 INFO  ApacheHttpClient.getWebResourceAsStream(420) - responseCode = 200
2017-12-28 22:18:58 INFO  ApacheHttpClient.completed(27) - responseCode = 200
2017-12-28 22:19:42 INFO  ApacheHttpClient.sendEvent(450) - responseCode = 200
2017-12-28 22:20:42 INFO  ApacheHttpClient.sendEvent(450) - responseCode = 200
2017-12-28 22:21:04 INFO  ApacheHttpClient.getWebResourceAsStream(420) - responseCode = 200
2017-12-28 22:21:04 INFO  ApacheHttpClient.getTask(405) - responseCode = 200
2017-12-28 22:21:04 INFO  ApacheHttpClient.getWebResourceAsStream(420) - responseCode = 200
2017-12-28 22:21:07 INFO  ApacheHttpClient.completed(27) - responseCode = 200
2017-12-28 22:21:07 INFO  ApacheHttpClient.getTask(405) - responseCode = 200
2017-12-28 22:21:42 INFO  ApacheHttpClient.sendEvent(450) - responseCode = 200
2017-12-28 22:22:42 INFO  ApacheHttpClient.sendEvent(450) - responseCode = 200
2017-12-28 22:23:42 INFO  ApacheHttpClient.sendEvent(450) - responseCode = 200
2017-12-28 22:24:42 INFO  ApacheHttpClient.sendEvent(450) - responseCode = 200
2017-12-28 22:25:42 INFO  ApacheHttpClient.sendEvent(450) - responseCode = 200
2017-12-28 22:25:44 INFO  ApacheHttpClient.getWebResourceAsStream(420) - responseCode = 200
2017-12-28 22:25:45 INFO  ApacheHttpClient.getFilteredTasks(307) - responseCode = 200
2017-12-28 22:25:53 INFO  ApacheHttpClient.getTaskTemplateInfo(324) - responseCode = 200
2017-12-28 22:25:53 INFO  ApacheHttpClient.testConnection(178) - responseCode = 200
2017-12-28 22:25:53 INFO  ApacheHttpClient.testConnection(185) - result = true
2017-12-28 22:25:53 INFO  ApacheHttpClient.testConnection(178) - responseCode = 200
2017-12-28 22:25:53 INFO  ApacheHttpClient.testConnection(185) - result = true
2017-12-28 22:25:53 INFO  ApacheHttpClient.getWebResourceAsStream(420) - responseCode = 200
2017-12-28 22:26:42 INFO  ApacheHttpClient.sendEvent(450) - responseCode = 200
2017-12-28 22:27:42 INFO  ApacheHttpClient.sendEvent(450) - responseCode = 200
2017-12-28 22:28:42 INFO  ApacheHttpClient.sendEvent(450) - responseCode = 200
2017-12-28 22:29:42 INFO  ApacheHttpClient.sendEvent(450) - responseCode = 200
2017-12-28 22:30:42 INFO  ApacheHttpClient.sendEvent(450) - responseCode = 200
2017-12-28 22:31:42 INFO  ApacheHttpClient.sendEvent(450) - responseCode = 200
2017-12-28 22:32:13 INFO  ApacheHttpClient.getWebResourceAsStream(420) - responseCode = 200
2017-12-28 22:32:13 INFO  ApacheHttpClient.getTask(405) - responseCode = 200
2017-12-28 22:32:14 INFO  ApacheHttpClient.getTask(405) - responseCode = 200
2017-12-28 22:32:14 INFO  ApacheHttpClient.getWebResourceAsStream(420) - responseCode = 200
2017-12-28 22:32:14 INFO  ApacheHttpClient.completed(27) - responseCode = 400
2017-12-28 22:32:14 WARN  TaskCompleted.run(66) - Задача "Однофамильцы и тёзки" уже решена
2017-12-28 22:32:29 INFO  ApacheHttpClient.getWebResourceAsStream(420) - responseCode = 200
2017-12-28 22:32:30 INFO  ApacheHttpClient.getFilteredTasks(307) - responseCode = 200
2017-12-28 22:32:33 INFO  ApacheHttpClient.getTaskTemplateInfo(324) - responseCode = 200
2017-12-28 22:32:35 INFO  ApacheHttpClient.testConnection(178) - responseCode = 200
2017-12-28 22:32:35 INFO  ApacheHttpClient.testConnection(185) - result = true
2017-12-28 22:32:35 INFO  ApacheHttpClient.testConnection(178) - responseCode = 200
2017-12-28 22:32:35 INFO  ApacheHttpClient.testConnection(185) - result = true
2017-12-28 22:32:35 INFO  ApacheHttpClient.getWebResourceAsStream(420) - responseCode = 200
2017-12-28 22:32:42 INFO  ApacheHttpClient.sendEvent(450) - responseCode = 200
2017-12-28 22:32:44 INFO  ApacheHttpClient.getWebResourceAsStream(420) - responseCode = 200
2017-12-28 22:32:44 INFO  ApacheHttpClient.getTask(405) - responseCode = 200
2017-12-28 22:32:45 INFO  ApacheHttpClient.getWebResourceAsStream(420) - responseCode = 200
2017-12-28 22:32:47 INFO  ApacheHttpClient.completed(27) - responseCode = 200
2017-12-28 22:32:47 INFO  ApacheHttpClient.getTask(405) - responseCode = 200
2017-12-28 22:32:49 INFO  ApacheHttpClient.getWebResourceAsStream(420) - responseCode = 200
2017-12-28 22:32:50 INFO  ApacheHttpClient.getFilteredTasks(307) - responseCode = 200
2017-12-28 22:32:56 INFO  ApacheHttpClient.getTaskTemplateInfo(324) - responseCode = 200
2017-12-28 22:32:56 INFO  ApacheHttpClient.testConnection(178) - responseCode = 200
2017-12-28 22:32:56 INFO  ApacheHttpClient.testConnection(185) - result = true
2017-12-28 22:32:56 INFO  ApacheHttpClient.testConnection(178) - responseCode = 200
2017-12-28 22:32:56 INFO  ApacheHttpClient.testConnection(185) - result = true
2017-12-28 22:32:56 INFO  ApacheHttpClient.getWebResourceAsStream(420) - responseCode = 200
2017-12-28 22:33:42 INFO  ApacheHttpClient.sendEvent(450) - responseCode = 200
2017-12-28 22:34:42 INFO  ApacheHttpClient.sendEvent(450) - responseCode = 200
2017-12-28 22:35:42 INFO  ApacheHttpClient.sendEvent(450) - responseCode = 200
2017-12-28 22:36:42 INFO  ApacheHttpClient.sendEvent(450) - responseCode = 200
2017-12-28 22:37:42 INFO  ApacheHttpClient.sendEvent(450) - responseCode = 200
2017-12-28 22:38:42 INFO  ApacheHttpClient.sendEvent(450) - responseCode = 200
2017-12-28 22:39:42 INFO  ApacheHttpClient.sendEvent(450) - responseCode = 200
2017-12-28 22:40:42 INFO  ApacheHttpClient.sendEvent(450) - responseCode = 200
2017-12-28 22:41:42 INFO  ApacheHttpClient.sendEvent(450) - responseCode = 200
2017-12-28 22:42:42 INFO  ApacheHttpClient.sendEvent(450) - responseCode = 200
2017-12-28 22:43:42 INFO  ApacheHttpClient.sendEvent(450) - responseCode = 200
2017-12-28 22:44:42 INFO  ApacheHttpClient.sendEvent(450) - responseCode = 200
2017-12-28 22:45:42 INFO  ApacheHttpClient.sendEvent(450) - responseCode = 200
2017-12-28 22:46:42 INFO  ApacheHttpClient.sendEvent(450) - responseCode = 200
2017-12-28 22:47:42 INFO  ApacheHttpClient.sendEvent(450) - responseCode = 200
2017-12-28 22:48:42 INFO  ApacheHttpClient.sendEvent(450) - responseCode = 200
2017-12-28 22:49:42 INFO  ApacheHttpClient.sendEvent(450) - responseCode = 200
2017-12-28 22:50:42 INFO  ApacheHttpClient.sendEvent(450) - responseCode = 200
2017-12-28 22:51:42 INFO  ApacheHttpClient.sendEvent(450) - responseCode = 200
2017-12-28 22:52:42 INFO  ApacheHttpClient.sendEvent(450) - responseCode = 200
2017-12-28 22:53:42 INFO  ApacheHttpClient.sendEvent(450) - responseCode = 200
2017-12-28 22:54:42 INFO  ApacheHttpClient.sendEvent(450) - responseCode = 200
2017-12-28 22:55:42 INFO  ApacheHttpClient.sendEvent(450) - responseCode = 200
2017-12-28 22:56:42 INFO  ApacheHttpClient.sendEvent(450) - responseCode = 200
2017-12-28 22:57:42 INFO  ApacheHttpClient.sendEvent(450) - responseCode = 200
2017-12-28 22:58:42 INFO  ApacheHttpClient.sendEvent(450) - responseCode = 200
2017-12-28 22:59:42 INFO  ApacheHttpClient.sendEvent(450) - responseCode = 200
2017-12-28 23:00:42 INFO  ApacheHttpClient.sendEvent(450) - responseCode = 200
2017-12-28 23:01:42 INFO  ApacheHttpClient.sendEvent(450) - responseCode = 200
2017-12-28 23:02:42 INFO  ApacheHttpClient.sendEvent(450) - responseCode = 200
2017-12-28 23:03:15 INFO  ApacheHttpClient.getWebResourceAsStream(420) - responseCode = 200
2017-12-28 23:03:15 INFO  ApacheHttpClient.getTask(405) - responseCode = 200
2017-12-28 23:03:15 INFO  ApacheHttpClient.getTask(405) - responseCode = 200
2017-12-28 23:03:15 INFO  ApacheHttpClient.getWebResourceAsStream(420) - responseCode = 200
2017-12-28 23:03:16 INFO  ApacheHttpClient.completed(27) - responseCode = 400
2017-12-28 23:03:16 WARN  TaskCompleted.run(66) - Задача "Минимальное из N чисел" уже решена
2017-12-28 23:03:24 INFO  ApacheHttpClient.getWebResourceAsStream(420) - responseCode = 200
2017-12-28 23:03:24 INFO  ApacheHttpClient.getFilteredTasks(307) - responseCode = 200
2017-12-28 23:03:25 INFO  ApacheHttpClient.getTaskTemplateInfo(324) - responseCode = 200
2017-12-28 23:03:26 INFO  ApacheHttpClient.testConnection(178) - responseCode = 200
2017-12-28 23:03:26 INFO  ApacheHttpClient.testConnection(185) - result = true
2017-12-28 23:03:27 INFO  ApacheHttpClient.testConnection(178) - responseCode = 200
2017-12-28 23:03:27 INFO  ApacheHttpClient.testConnection(185) - result = true
2017-12-28 23:03:27 INFO  ApacheHttpClient.getWebResourceAsStream(420) - responseCode = 200
2017-12-28 23:03:32 INFO  ApacheHttpClient.getWebResourceAsStream(420) - responseCode = 200
2017-12-28 23:03:32 INFO  ApacheHttpClient.getTask(405) - responseCode = 200
2017-12-28 23:03:32 INFO  ApacheHttpClient.getWebResourceAsStream(420) - responseCode = 200
2017-12-28 23:03:33 INFO  ApacheHttpClient.completed(27) - responseCode = 200
2017-12-28 23:03:42 INFO  ApacheHttpClient.sendEvent(450) - responseCode = 200
2017-12-28 23:04:42 INFO  ApacheHttpClient.sendEvent(450) - responseCode = 200
2017-12-28 23:05:42 INFO  ApacheHttpClient.sendEvent(450) - responseCode = 200
2017-12-28 23:06:42 INFO  ApacheHttpClient.sendEvent(450) - responseCode = 200
2017-12-28 23:07:42 INFO  ApacheHttpClient.sendEvent(450) - responseCode = 200
2017-12-28 23:08:42 INFO  ApacheHttpClient.sendEvent(450) - responseCode = 200
2017-12-28 23:09:42 INFO  ApacheHttpClient.sendEvent(450) - responseCode = 200
2017-12-28 23:10:42 INFO  ApacheHttpClient.sendEvent(450) - responseCode = 200
2017-12-28 23:11:42 INFO  ApacheHttpClient.sendEvent(450) - responseCode = 200
2017-12-28 23:12:42 INFO  ApacheHttpClient.sendEvent(450) - responseCode = 200
2017-12-28 23:13:42 INFO  ApacheHttpClient.sendEvent(450) - responseCode = 200
2017-12-28 23:14:42 INFO  ApacheHttpClient.sendEvent(450) - responseCode = 200
2017-12-28 23:15:42 INFO  ApacheHttpClient.sendEvent(450) - responseCode = 200
2017-12-28 23:16:42 INFO  ApacheHttpClient.sendEvent(450) - responseCode = 200
2017-12-28 23:17:42 INFO  ApacheHttpClient.sendEvent(450) - responseCode = 200
2017-12-28 23:18:37 INFO  ApacheHttpClient.getWebResourceAsStream(420) - responseCode = 200
2017-12-28 23:18:37 INFO  ApacheHttpClient.getTask(405) - responseCode = 200
2017-12-28 23:18:37 INFO  ApacheHttpClient.getWebResourceAsStream(420) - responseCode = 200
2017-12-28 23:18:38 INFO  ApacheHttpClient.completed(27) - responseCode = 200
2017-12-28 23:18:38 INFO  ApacheHttpClient.getTask(405) - responseCode = 200
2017-12-28 23:18:42 INFO  ApacheHttpClient.sendEvent(450) - responseCode = 200
2017-12-28 23:18:43 INFO  ApacheHttpClient.getWebResourceAsStream(420) - responseCode = 200
2017-12-28 23:18:44 INFO  ApacheHttpClient.getFilteredTasks(307) - responseCode = 200
2017-12-28 23:19:27 INFO  JavaRushTasksProjectComponent.projectClosing(157) - ---------- Project JavaRushTasks closed ----------

2017-12-28 23:19:27 INFO  ApacheHttpClient.getTask(405) - responseCode = 200
2017-12-28 23:19:27 INFO  ApacheHttpClient.getTask(405) - responseCode = 200
2017-12-28 23:19:28 INFO  ApacheHttpClient.getTask(405) - responseCode = 200
2017-12-28 23:19:28 INFO  ApacheHttpClient.getTask(405) - responseCode = 200
2017-12-28 23:19:38 INFO  JavaRushTasksProjectComponent.projectOpened(68) - ---------- Project JavaRushTasks opened ----------

2017-12-28 23:19:38 INFO  ApacheHttpClient.createAsyncHttpClient(125) - Выбрано 1 прокси.
2017-12-28 23:19:38 INFO  ApacheHttpClient.<init>(85) - ApacheHttpClient проинстанциирован успешно.
2017-12-28 23:19:38 INFO  ApacheHttpClient.testConnection(178) - responseCode = 200
2017-12-28 23:19:38 INFO  ApacheHttpClient.testConnection(185) - result = true
2017-12-28 23:19:38 INFO  ApacheHttpClient.login(209) - Ожидание ответа сервера.
2017-12-28 23:19:38 INFO  ApacheHttpClient.login(213) - responseCode200
2017-12-28 23:19:38 INFO  ApacheHttpClient.login(244) - JSESSIONID=D9EE526287E49CCF84D98F55B52E4D1F
2017-12-28 23:19:39 INFO  ApacheHttpClient.refreshUserInfo(272) - responseCode = 200
2017-12-28 23:19:39 INFO  ApacheHttpClient.refreshUserInfo(278) - Информация о пользователе получена.
2017-12-28 23:19:39 INFO  ApacheHttpClient.startGA(32) - GAService запущен.
2017-12-28 23:19:39 INFO  AbstractRestApiClient.startService(70) - EventsService запущен.
2017-12-28 23:19:40 INFO  ApacheHttpClient.testConnection(178) - responseCode = 200
2017-12-28 23:19:40 INFO  ApacheHttpClient.testConnection(185) - result = true
2017-12-28 23:19:40 INFO  ApacheHttpClient.testConnection(178) - responseCode = 200
2017-12-28 23:19:40 INFO  ApacheHttpClient.testConnection(185) - result = true
2017-12-28 23:19:41 INFO  ApacheHttpClient.testConnection(178) - responseCode = 200
2017-12-28 23:19:41 INFO  ApacheHttpClient.testConnection(185) - result = true
2017-12-28 23:19:41 INFO  ApacheHttpClient.getWebResourceAsStream(420) - responseCode = 200
2017-12-28 23:19:42 INFO  ApacheHttpClient.testConnection(178) - responseCode = 200
2017-12-28 23:19:42 INFO  ApacheHttpClient.testConnection(185) - result = true
2017-12-28 23:19:42 INFO  ApacheHttpClient.testConnection(178) - responseCode = 200
2017-12-28 23:19:42 INFO  ApacheHttpClient.testConnection(185) - result = true
2017-12-28 23:20:11 INFO  JavaRushTasksProjectComponent.projectClosing(157) - ---------- Project JavaRushTasks closed ----------

2017-12-28 23:20:11 INFO  ApacheHttpClient.getTask(405) - responseCode = 200
2017-12-29 20:40:38 INFO  JavaRushTasksProjectComponent.projectOpened(68) - ---------- Project JavaRushTasks opened ----------

2017-12-29 20:40:39 INFO  ApacheHttpClient.createAsyncHttpClient(125) - Выбрано 1 прокси.
2017-12-29 20:40:39 INFO  ApacheHttpClient.<init>(85) - ApacheHttpClient проинстанциирован успешно.
2017-12-29 20:40:39 INFO  ApacheHttpClient.testConnection(178) - responseCode = 200
2017-12-29 20:40:39 INFO  ApacheHttpClient.testConnection(185) - result = true
2017-12-29 20:40:39 INFO  ApacheHttpClient.login(209) - Ожидание ответа сервера.
2017-12-29 20:40:39 INFO  ApacheHttpClient.login(213) - responseCode200
2017-12-29 20:40:39 INFO  ApacheHttpClient.login(244) - JSESSIONID=89C59BB6CDF6803B1242D4889081CF41
2017-12-29 20:40:39 INFO  ApacheHttpClient.refreshUserInfo(272) - responseCode = 200
2017-12-29 20:40:39 INFO  ApacheHttpClient.refreshUserInfo(278) - Информация о пользователе получена.
2017-12-29 20:40:39 INFO  ApacheHttpClient.startGA(32) - GAService запущен.
2017-12-29 20:40:39 INFO  AbstractRestApiClient.startService(70) - EventsService запущен.
2017-12-29 20:40:41 INFO  ApacheHttpClient.testConnection(178) - responseCode = 200
2017-12-29 20:40:41 INFO  ApacheHttpClient.testConnection(185) - result = true
2017-12-29 20:40:41 INFO  ApacheHttpClient.testConnection(178) - responseCode = 200
2017-12-29 20:40:41 INFO  ApacheHttpClient.testConnection(185) - result = true
2017-12-29 20:40:42 INFO  ApacheHttpClient.getWebResourceAsStream(420) - responseCode = 200
2017-12-29 20:40:43 INFO  ApacheHttpClient.testConnection(178) - responseCode = 200
2017-12-29 20:40:43 INFO  ApacheHttpClient.testConnection(185) - result = true
2017-12-29 20:40:44 INFO  ApacheHttpClient.testConnection(178) - responseCode = 200
2017-12-29 20:40:44 INFO  ApacheHttpClient.testConnection(185) - result = true
2017-12-29 20:40:44 INFO  ApacheHttpClient.testConnection(178) - responseCode = 200
2017-12-29 20:40:44 INFO  ApacheHttpClient.testConnection(185) - result = true
2017-12-29 20:40:51 INFO  ApacheHttpClient.getWebResourceAsStream(420) - responseCode = 200
2017-12-29 20:40:51 INFO  ApacheHttpClient.getFilteredTasks(307) - responseCode = 200
2017-12-29 20:40:53 INFO  ApacheHttpClient.getTaskTemplateInfo(324) - responseCode = 200
2017-12-29 20:40:53 INFO  ApacheHttpClient.testConnection(178) - responseCode = 200
2017-12-29 20:40:53 INFO  ApacheHttpClient.testConnection(185) - result = true
2017-12-29 20:40:53 INFO  ApacheHttpClient.testConnection(178) - responseCode = 200
2017-12-29 20:40:53 INFO  ApacheHttpClient.testConnection(185) - result = true
2017-12-29 20:40:53 INFO  ApacheHttpClient.getWebResourceAsStream(420) - responseCode = 200
2017-12-29 20:41:39 INFO  ApacheHttpClient.sendEvent(450) - responseCode = 200
2017-12-29 20:42:39 INFO  ApacheHttpClient.sendEvent(450) - responseCode = 200
2017-12-29 20:43:39 INFO  ApacheHttpClient.sendEvent(450) - responseCode = 200
2017-12-29 20:44:39 INFO  ApacheHttpClient.sendEvent(450) - responseCode = 200
2017-12-29 20:45:39 INFO  ApacheHttpClient.sendEvent(450) - responseCode = 200
2017-12-29 20:46:39 INFO  ApacheHttpClient.sendEvent(450) - responseCode = 200
2017-12-29 20:47:39 INFO  ApacheHttpClient.sendEvent(450) - responseCode = 200
2017-12-29 20:48:39 INFO  ApacheHttpClient.sendEvent(450) - responseCode = 200
2017-12-29 20:49:39 INFO  ApacheHttpClient.sendEvent(450) - responseCode = 200
2017-12-29 20:50:39 INFO  ApacheHttpClient.sendEvent(450) - responseCode = 200
2017-12-29 20:51:39 INFO  ApacheHttpClient.sendEvent(450) - responseCode = 200
2017-12-29 20:52:39 INFO  ApacheHttpClient.sendEvent(450) - responseCode = 200
2017-12-29 20:53:39 INFO  ApacheHttpClient.sendEvent(450) - responseCode = 200
2017-12-29 20:54:39 INFO  ApacheHttpClient.sendEvent(450) - responseCode = 200
2017-12-29 20:55:39 INFO  ApacheHttpClient.sendEvent(450) - responseCode = 200
2017-12-29 20:56:39 INFO  ApacheHttpClient.sendEvent(450) - responseCode = 200
2017-12-29 20:57:39 INFO  ApacheHttpClient.sendEvent(450) - responseCode = 200
2017-12-29 20:58:39 INFO  ApacheHttpClient.sendEvent(450) - responseCode = 200
2017-12-29 20:59:39 INFO  ApacheHttpClient.sendEvent(450) - responseCode = 200
2017-12-29 21:00:39 INFO  ApacheHttpClient.sendEvent(450) - responseCode = 200
2017-12-29 21:01:39 INFO  ApacheHttpClient.sendEvent(450) - responseCode = 200
2017-12-29 21:02:39 INFO  ApacheHttpClient.sendEvent(450) - responseCode = 200
2017-12-29 21:03:39 INFO  ApacheHttpClient.sendEvent(450) - responseCode = 200
2017-12-29 21:04:39 INFO  ApacheHttpClient.sendEvent(450) - responseCode = 200
2017-12-29 21:05:39 INFO  ApacheHttpClient.sendEvent(450) - responseCode = 200
2017-12-29 21:06:39 INFO  ApacheHttpClient.sendEvent(450) - responseCode = 200
2017-12-29 21:07:42 INFO  ApacheHttpClient.sendEvent(450) - responseCode = 200
2017-12-29 21:08:39 INFO  ApacheHttpClient.sendEvent(450) - responseCode = 200
2017-12-29 21:09:39 INFO  ApacheHttpClient.sendEvent(450) - responseCode = 200
2017-12-29 21:10:39 INFO  ApacheHttpClient.sendEvent(450) - responseCode = 200
2017-12-29 21:11:39 INFO  ApacheHttpClient.sendEvent(450) - responseCode = 200
2017-12-29 21:12:39 INFO  ApacheHttpClient.sendEvent(450) - responseCode = 200
2017-12-29 21:13:39 INFO  ApacheHttpClient.sendEvent(450) - responseCode = 200
2017-12-29 21:14:39 INFO  ApacheHttpClient.sendEvent(450) - responseCode = 200
2017-12-29 21:15:39 INFO  ApacheHttpClient.sendEvent(450) - responseCode = 200
2017-12-29 21:16:39 INFO  ApacheHttpClient.sendEvent(450) - responseCode = 200
2017-12-29 21:17:39 INFO  ApacheHttpClient.sendEvent(450) - responseCode = 200
2017-12-29 21:18:39 INFO  ApacheHttpClient.sendEvent(450) - responseCode = 200
2017-12-29 21:19:39 INFO  ApacheHttpClient.sendEvent(450) - responseCode = 200
2017-12-29 21:20:39 INFO  ApacheHttpClient.sendEvent(450) - responseCode = 200
2017-12-29 21:20:41 INFO  ApacheHttpClient.getWebResourceAsStream(420) - responseCode = 200
2017-12-29 21:20:41 INFO  ApacheHttpClient.getTask(405) - responseCode = 200
2017-12-29 21:20:41 INFO  ApacheHttpClient.getTask(405) - responseCode = 200
2017-12-29 21:20:41 INFO  ApacheHttpClient.getWebResourceAsStream(420) - responseCode = 200
2017-12-29 21:20:42 INFO  ApacheHttpClient.completed(27) - responseCode = 400
2017-12-29 21:20:42 WARN  TaskCompleted.run(66) - Задача "Омовение Рамы" уже решена
2017-12-29 21:20:55 INFO  ApacheHttpClient.getWebResourceAsStream(420) - responseCode = 200
2017-12-29 21:20:55 INFO  ApacheHttpClient.getFilteredTasks(307) - responseCode = 200
2017-12-29 21:20:56 INFO  ApacheHttpClient.getTaskTemplateInfo(324) - responseCode = 200
2017-12-29 21:20:57 INFO  ApacheHttpClient.testConnection(178) - responseCode = 200
2017-12-29 21:20:57 INFO  ApacheHttpClient.testConnection(185) - result = true
2017-12-29 21:20:57 INFO  ApacheHttpClient.testConnection(178) - responseCode = 200
2017-12-29 21:20:57 INFO  ApacheHttpClient.testConnection(185) - result = true
2017-12-29 21:20:57 INFO  ApacheHttpClient.getWebResourceAsStream(420) - responseCode = 200
2017-12-29 21:21:15 INFO  ApacheHttpClient.getWebResourceAsStream(420) - responseCode = 200
2017-12-29 21:21:15 INFO  ApacheHttpClient.getTask(405) - responseCode = 200
2017-12-29 21:21:15 INFO  ApacheHttpClient.getWebResourceAsStream(420) - responseCode = 200
2017-12-29 21:21:16 INFO  ApacheHttpClient.completed(27) - responseCode = 200
2017-12-29 21:21:16 INFO  ApacheHttpClient.getTask(405) - responseCode = 200
2017-12-29 21:21:39 INFO  ApacheHttpClient.sendEvent(450) - responseCode = 200
2017-12-29 21:22:39 INFO  ApacheHttpClient.sendEvent(450) - responseCode = 200
2017-12-29 21:23:39 INFO  ApacheHttpClient.sendEvent(450) - responseCode = 200
2017-12-29 21:24:39 INFO  ApacheHttpClient.sendEvent(450) - responseCode = 200
2017-12-29 21:25:39 INFO  ApacheHttpClient.sendEvent(450) - responseCode = 200
2017-12-29 21:26:39 INFO  ApacheHttpClient.sendEvent(450) - responseCode = 200
2017-12-29 21:27:39 INFO  ApacheHttpClient.sendEvent(450) - responseCode = 200
2017-12-29 21:28:39 INFO  ApacheHttpClient.sendEvent(450) - responseCode = 200
2017-12-29 21:29:39 INFO  ApacheHttpClient.sendEvent(450) - responseCode = 200
2017-12-29 21:30:39 INFO  ApacheHttpClient.sendEvent(450) - responseCode = 200
2017-12-29 21:31:39 INFO  ApacheHttpClient.sendEvent(450) - responseCode = 200
2017-12-29 21:32:39 INFO  ApacheHttpClient.sendEvent(450) - responseCode = 200
2017-12-29 21:33:39 INFO  ApacheHttpClient.sendEvent(450) - responseCode = 200
2017-12-29 21:34:39 INFO  ApacheHttpClient.sendEvent(450) - responseCode = 200
2017-12-29 21:35:39 INFO  ApacheHttpClient.sendEvent(450) - responseCode = 200
2017-12-29 21:36:39 INFO  ApacheHttpClient.sendEvent(450) - responseCode = 200
2017-12-29 21:37:39 INFO  ApacheHttpClient.sendEvent(450) - responseCode = 200
2017-12-29 21:38:39 INFO  ApacheHttpClient.sendEvent(450) - responseCode = 200
2017-12-29 21:39:39 INFO  ApacheHttpClient.sendEvent(450) - responseCode = 200
2017-12-29 21:40:39 INFO  ApacheHttpClient.sendEvent(450) - responseCode = 200
2017-12-29 21:41:39 INFO  ApacheHttpClient.sendEvent(450) - responseCode = 200
2017-12-29 21:42:39 INFO  ApacheHttpClient.sendEvent(450) - responseCode = 200
2017-12-29 21:43:39 INFO  ApacheHttpClient.sendEvent(450) - responseCode = 200
2017-12-29 21:44:39 INFO  ApacheHttpClient.sendEvent(450) - responseCode = 200
2017-12-29 21:45:39 INFO  ApacheHttpClient.sendEvent(450) - responseCode = 200
2017-12-29 21:46:39 INFO  ApacheHttpClient.sendEvent(450) - responseCode = 200
2017-12-29 21:47:39 INFO  ApacheHttpClient.sendEvent(450) - responseCode = 200
2017-12-29 21:48:39 INFO  ApacheHttpClient.sendEvent(450) - responseCode = 200
2017-12-29 21:49:39 INFO  ApacheHttpClient.sendEvent(450) - responseCode = 200
2017-12-29 21:50:39 INFO  ApacheHttpClient.sendEvent(450) - responseCode = 200
2017-12-29 21:51:39 INFO  ApacheHttpClient.sendEvent(450) - responseCode = 200
2017-12-29 21:52:39 INFO  ApacheHttpClient.sendEvent(450) - responseCode = 200
2017-12-29 21:53:39 INFO  ApacheHttpClient.sendEvent(450) - responseCode = 200
2017-12-29 21:54:39 INFO  ApacheHttpClient.sendEvent(450) - responseCode = 200
2017-12-29 21:55:39 INFO  ApacheHttpClient.sendEvent(450) - responseCode = 200
2017-12-29 21:56:39 INFO  ApacheHttpClient.sendEvent(450) - responseCode = 200
2017-12-29 21:57:39 INFO  ApacheHttpClient.sendEvent(450) - responseCode = 200
2017-12-29 21:58:39 INFO  ApacheHttpClient.sendEvent(450) - responseCode = 200
2017-12-29 21:59:39 INFO  ApacheHttpClient.sendEvent(450) - responseCode = 200
2017-12-29 22:00:39 INFO  ApacheHttpClient.sendEvent(450) - responseCode = 200
2017-12-29 22:01:39 INFO  ApacheHttpClient.sendEvent(450) - responseCode = 200
2017-12-29 22:02:39 INFO  ApacheHttpClient.sendEvent(450) - responseCode = 200
2017-12-29 22:03:39 INFO  ApacheHttpClient.sendEvent(450) - responseCode = 200
2017-12-29 22:04:40 INFO  ApacheHttpClient.sendEvent(450) - responseCode = 200
2017-12-29 22:05:39 INFO  ApacheHttpClient.sendEvent(450) - responseCode = 200
2017-12-29 22:06:39 INFO  ApacheHttpClient.sendEvent(450) - responseCode = 200
2017-12-29 22:07:39 INFO  ApacheHttpClient.sendEvent(450) - responseCode = 200
2017-12-29 22:08:39 INFO  ApacheHttpClient.sendEvent(450) - responseCode = 200
2017-12-29 22:09:39 INFO  ApacheHttpClient.sendEvent(450) - responseCode = 200
2017-12-29 22:10:39 INFO  ApacheHttpClient.sendEvent(450) - responseCode = 200
2017-12-29 22:11:39 INFO  ApacheHttpClient.sendEvent(450) - responseCode = 200
2017-12-29 22:12:39 INFO  ApacheHttpClient.sendEvent(450) - responseCode = 200
2017-12-29 22:13:39 INFO  ApacheHttpClient.sendEvent(450) - responseCode = 200
2017-12-29 22:14:39 INFO  ApacheHttpClient.sendEvent(450) - responseCode = 200
2017-12-29 22:15:39 INFO  ApacheHttpClient.sendEvent(450) - responseCode = 200
2017-12-29 22:16:39 INFO  ApacheHttpClient.sendEvent(450) - responseCode = 200
2017-12-29 22:17:39 INFO  ApacheHttpClient.sendEvent(450) - responseCode = 200
2017-12-29 22:18:39 INFO  ApacheHttpClient.sendEvent(450) - responseCode = 200
2017-12-29 22:19:39 INFO  ApacheHttpClient.sendEvent(450) - responseCode = 200
2017-12-29 22:20:39 INFO  ApacheHttpClient.sendEvent(450) - responseCode = 200
2017-12-29 22:21:39 INFO  ApacheHttpClient.sendEvent(450) - responseCode = 200
2017-12-29 22:22:39 INFO  ApacheHttpClient.sendEvent(450) - responseCode = 200
2017-12-29 22:23:39 INFO  ApacheHttpClient.sendEvent(450) - responseCode = 200
2017-12-29 22:24:39 INFO  ApacheHttpClient.sendEvent(450) - responseCode = 200
2017-12-29 22:25:39 INFO  ApacheHttpClient.sendEvent(450) - responseCode = 200
2017-12-29 22:26:39 INFO  ApacheHttpClient.sendEvent(450) - responseCode = 200
2017-12-29 22:27:39 INFO  ApacheHttpClient.sendEvent(450) - responseCode = 200
2017-12-29 22:28:39 INFO  ApacheHttpClient.sendEvent(450) - responseCode = 200
2017-12-29 22:29:39 INFO  ApacheHttpClient.sendEvent(450) - responseCode = 200
2017-12-29 22:30:39 INFO  ApacheHttpClient.sendEvent(450) - responseCode = 200
2017-12-29 22:31:39 INFO  ApacheHttpClient.sendEvent(450) - responseCode = 200
2017-12-29 22:32:39 INFO  ApacheHttpClient.sendEvent(450) - responseCode = 200
2017-12-29 22:33:39 INFO  ApacheHttpClient.sendEvent(450) - responseCode = 200
2017-12-29 22:34:39 INFO  ApacheHttpClient.sendEvent(450) - responseCode = 200
2017-12-29 22:35:39 INFO  ApacheHttpClient.sendEvent(450) - responseCode = 200
2017-12-29 22:36:39 INFO  ApacheHttpClient.sendEvent(450) - responseCode = 200
2017-12-29 22:37:39 INFO  ApacheHttpClient.sendEvent(450) - responseCode = 200
2017-12-29 22:38:39 INFO  ApacheHttpClient.sendEvent(450) - responseCode = 200
2017-12-29 22:39:39 INFO  ApacheHttpClient.sendEvent(450) - responseCode = 200
2017-12-29 22:40:40 INFO  ApacheHttpClient.sendEvent(450) - responseCode = 200
2017-12-29 22:41:01 INFO  ApacheHttpClient.getWebResourceAsStream(420) - responseCode = 200
2017-12-29 22:41:01 INFO  ApacheHttpClient.getFilteredTasks(307) - responseCode = 200
2017-12-29 22:41:03 INFO  ApacheHttpClient.getTaskTemplateInfo(324) - responseCode = 200
2017-12-29 22:41:03 INFO  ApacheHttpClient.testConnection(178) - responseCode = 200
2017-12-29 22:41:03 INFO  ApacheHttpClient.testConnection(185) - result = true
2017-12-29 22:41:03 INFO  ApacheHttpClient.testConnection(178) - responseCode = 200
2017-12-29 22:41:03 INFO  ApacheHttpClient.testConnection(185) - result = true
2017-12-29 22:41:03 INFO  ApacheHttpClient.getWebResourceAsStream(420) - responseCode = 200
2017-12-29 22:41:39 INFO  ApacheHttpClient.sendEvent(450) - responseCode = 200
2017-12-29 22:42:39 INFO  ApacheHttpClient.sendEvent(450) - responseCode = 200
2017-12-29 22:43:39 INFO  ApacheHttpClient.sendEvent(450) - responseCode = 200
2017-12-29 22:44:39 INFO  ApacheHttpClient.sendEvent(450) - responseCode = 200
2017-12-29 22:45:39 INFO  ApacheHttpClient.sendEvent(450) - responseCode = 200
2017-12-29 22:46:39 INFO  ApacheHttpClient.sendEvent(450) - responseCode = 200
2017-12-29 22:47:19 INFO  JavaRushTasksProjectComponent.projectClosing(157) - ---------- Project JavaRushTasks closed ----------

2017-12-29 22:47:19 INFO  ApacheHttpClient.getTask(405) - responseCode = 200
2017-12-29 22:47:19 INFO  ApacheHttpClient.getTask(405) - responseCode = 200
2017-12-29 22:47:20 INFO  ApacheHttpClient.getTask(405) - responseCode = 200
2017-12-30 14:24:59 INFO  JavaRushTasksProjectComponent.projectOpened(68) - ---------- Project JavaRushTasks opened ----------

2017-12-30 14:24:59 INFO  ApacheHttpClient.createAsyncHttpClient(125) - Выбрано 1 прокси.
2017-12-30 14:24:59 INFO  ApacheHttpClient.<init>(85) - ApacheHttpClient проинстанциирован успешно.
2017-12-30 14:24:59 INFO  ApacheHttpClient.testConnection(178) - responseCode = 200
2017-12-30 14:24:59 INFO  ApacheHttpClient.testConnection(185) - result = true
2017-12-30 14:25:00 INFO  ApacheHttpClient.login(209) - Ожидание ответа сервера.
2017-12-30 14:25:00 INFO  ApacheHttpClient.login(213) - responseCode200
2017-12-30 14:25:00 INFO  ApacheHttpClient.login(244) - JSESSIONID=38C4A0A361301AAF83AA298DEF75D378
2017-12-30 14:25:00 INFO  ApacheHttpClient.refreshUserInfo(272) - responseCode = 200
2017-12-30 14:25:00 INFO  ApacheHttpClient.refreshUserInfo(278) - Информация о пользователе получена.
2017-12-30 14:25:00 INFO  ApacheHttpClient.startGA(32) - GAService запущен.
2017-12-30 14:25:00 INFO  AbstractRestApiClient.startService(70) - EventsService запущен.
2017-12-30 14:25:01 INFO  ApacheHttpClient.testConnection(178) - responseCode = 200
2017-12-30 14:25:01 INFO  ApacheHttpClient.testConnection(185) - result = true
2017-12-30 14:25:01 INFO  ApacheHttpClient.testConnection(178) - responseCode = 200
2017-12-30 14:25:01 INFO  ApacheHttpClient.testConnection(185) - result = true
2017-12-30 14:25:02 INFO  ApacheHttpClient.getWebResourceAsStream(420) - responseCode = 200
2017-12-30 14:25:04 INFO  ApacheHttpClient.testConnection(178) - responseCode = 200
2017-12-30 14:25:04 INFO  ApacheHttpClient.testConnection(185) - result = true
2017-12-30 14:25:04 INFO  ApacheHttpClient.testConnection(178) - responseCode = 200
2017-12-30 14:25:04 INFO  ApacheHttpClient.testConnection(185) - result = true
2017-12-30 14:25:05 INFO  ApacheHttpClient.testConnection(178) - responseCode = 200
2017-12-30 14:25:05 INFO  ApacheHttpClient.testConnection(185) - result = true
2017-12-30 14:25:08 INFO  ApacheHttpClient.getWebResourceAsStream(420) - responseCode = 200
2017-12-30 14:25:08 INFO  ApacheHttpClient.getFilteredTasks(307) - responseCode = 200
2017-12-30 14:25:09 INFO  ApacheHttpClient.getTaskTemplateInfo(324) - responseCode = 200
2017-12-30 14:25:11 INFO  ApacheHttpClient.testConnection(178) - responseCode = 200
2017-12-30 14:25:11 INFO  ApacheHttpClient.testConnection(185) - result = true
2017-12-30 14:25:11 INFO  ApacheHttpClient.testConnection(178) - responseCode = 200
2017-12-30 14:25:11 INFO  ApacheHttpClient.testConnection(185) - result = true
2017-12-30 14:25:11 INFO  ApacheHttpClient.getWebResourceAsStream(420) - responseCode = 200
2017-12-30 14:26:00 INFO  ApacheHttpClient.sendEvent(450) - responseCode = 200
2017-12-30 14:27:00 INFO  ApacheHttpClient.sendEvent(450) - responseCode = 200
2017-12-30 14:27:41 INFO  ApacheHttpClient.getWebResourceAsStream(420) - responseCode = 200
2017-12-30 14:27:41 INFO  ApacheHttpClient.getTask(405) - responseCode = 200
2017-12-30 14:27:41 INFO  ApacheHttpClient.getWebResourceAsStream(420) - responseCode = 200
2017-12-30 14:27:43 INFO  ApacheHttpClient.completed(27) - responseCode = 200
2017-12-30 14:28:00 INFO  ApacheHttpClient.sendEvent(450) - responseCode = 200
2017-12-30 14:29:00 INFO  ApacheHttpClient.sendEvent(450) - responseCode = 200
2017-12-30 14:30:00 INFO  ApacheHttpClient.sendEvent(450) - responseCode = 200
2017-12-30 14:31:00 INFO  ApacheHttpClient.sendEvent(450) - responseCode = 200
2017-12-30 14:31:20 INFO  ApacheHttpClient.getWebResourceAsStream(420) - responseCode = 200
2017-12-30 14:31:20 INFO  ApacheHttpClient.getTask(405) - responseCode = 200
2017-12-30 14:31:20 INFO  ApacheHttpClient.getWebResourceAsStream(420) - responseCode = 200
2017-12-30 14:31:21 INFO  ApacheHttpClient.completed(27) - responseCode = 200
2017-12-30 14:31:21 INFO  ApacheHttpClient.getTask(405) - responseCode = 200
2017-12-30 14:31:29 INFO  ApacheHttpClient.getWebResourceAsStream(420) - responseCode = 200
2017-12-30 14:31:29 INFO  ApacheHttpClient.getFilteredTasks(307) - responseCode = 200
2017-12-30 14:31:31 INFO  ApacheHttpClient.getTaskTemplateInfo(324) - responseCode = 200
2017-12-30 14:31:32 INFO  ApacheHttpClient.testConnection(178) - responseCode = 200
2017-12-30 14:31:32 INFO  ApacheHttpClient.testConnection(185) - result = true
2017-12-30 14:31:32 INFO  ApacheHttpClient.testConnection(178) - responseCode = 200
2017-12-30 14:31:32 INFO  ApacheHttpClient.testConnection(185) - result = true
2017-12-30 14:31:32 INFO  ApacheHttpClient.getWebResourceAsStream(420) - responseCode = 200
2017-12-30 14:32:00 INFO  ApacheHttpClient.sendEvent(450) - responseCode = 200
2017-12-30 14:33:00 INFO  ApacheHttpClient.sendEvent(450) - responseCode = 200
2017-12-30 14:34:00 INFO  ApacheHttpClient.sendEvent(450) - responseCode = 200
2017-12-30 14:35:00 INFO  ApacheHttpClient.sendEvent(450) - responseCode = 200
2017-12-30 14:36:00 INFO  ApacheHttpClient.sendEvent(450) - responseCode = 200
2017-12-30 14:37:00 INFO  ApacheHttpClient.sendEvent(450) - responseCode = 200
2017-12-30 14:38:00 INFO  ApacheHttpClient.sendEvent(450) - responseCode = 200
2017-12-30 14:39:00 INFO  ApacheHttpClient.sendEvent(450) - responseCode = 200
2017-12-30 14:40:00 INFO  ApacheHttpClient.sendEvent(450) - responseCode = 200
2017-12-30 14:41:00 INFO  ApacheHttpClient.sendEvent(450) - responseCode = 200
2017-12-30 14:42:00 INFO  ApacheHttpClient.sendEvent(450) - responseCode = 200
2017-12-30 14:43:00 INFO  ApacheHttpClient.sendEvent(450) - responseCode = 200
2017-12-30 14:44:00 INFO  ApacheHttpClient.sendEvent(450) - responseCode = 200
2017-12-30 14:45:00 INFO  ApacheHttpClient.sendEvent(450) - responseCode = 200
2017-12-30 14:46:00 INFO  ApacheHttpClient.sendEvent(450) - responseCode = 200
2017-12-30 14:47:00 INFO  ApacheHttpClient.sendEvent(450) - responseCode = 200
2017-12-30 14:48:00 INFO  ApacheHttpClient.sendEvent(450) - responseCode = 200
2017-12-30 14:49:00 INFO  ApacheHttpClient.sendEvent(450) - responseCode = 200
2017-12-30 14:50:00 INFO  ApacheHttpClient.sendEvent(450) - responseCode = 200
2017-12-30 14:51:00 INFO  ApacheHttpClient.sendEvent(450) - responseCode = 200
2017-12-30 14:52:00 INFO  ApacheHttpClient.sendEvent(450) - responseCode = 200
2017-12-30 14:53:00 INFO  ApacheHttpClient.sendEvent(450) - responseCode = 200
2017-12-30 14:54:00 INFO  ApacheHttpClient.sendEvent(450) - responseCode = 200
2017-12-30 14:55:00 INFO  ApacheHttpClient.sendEvent(450) - responseCode = 200
2017-12-30 14:56:00 INFO  ApacheHttpClient.sendEvent(450) - responseCode = 200
2017-12-30 14:57:00 INFO  ApacheHttpClient.sendEvent(450) - responseCode = 200
2017-12-30 14:58:00 INFO  ApacheHttpClient.sendEvent(450) - responseCode = 200
2017-12-30 14:59:00 INFO  ApacheHttpClient.sendEvent(450) - responseCode = 200
2017-12-30 15:00:00 INFO  ApacheHttpClient.sendEvent(450) - responseCode = 200
2017-12-30 15:01:00 INFO  ApacheHttpClient.sendEvent(450) - responseCode = 200
2017-12-30 15:02:00 INFO  ApacheHttpClient.sendEvent(450) - responseCode = 200
2017-12-30 15:03:00 INFO  ApacheHttpClient.sendEvent(450) - responseCode = 200
2017-12-30 15:04:00 INFO  ApacheHttpClient.sendEvent(450) - responseCode = 200
2017-12-30 15:05:00 INFO  ApacheHttpClient.sendEvent(450) - responseCode = 200
2017-12-30 15:06:00 INFO  ApacheHttpClient.sendEvent(450) - responseCode = 200
2017-12-30 15:07:00 INFO  ApacheHttpClient.sendEvent(450) - responseCode = 200
2017-12-30 15:08:00 INFO  ApacheHttpClient.sendEvent(450) - responseCode = 200
2017-12-30 15:09:00 INFO  ApacheHttpClient.sendEvent(450) - responseCode = 200
2017-12-30 15:10:00 INFO  ApacheHttpClient.sendEvent(450) - responseCode = 200
2017-12-30 15:11:00 INFO  ApacheHttpClient.sendEvent(450) - responseCode = 200
2017-12-30 15:12:00 INFO  ApacheHttpClient.sendEvent(450) - responseCode = 200
2017-12-30 15:13:00 INFO  ApacheHttpClient.sendEvent(450) - responseCode = 200
2017-12-30 15:14:00 INFO  ApacheHttpClient.sendEvent(450) - responseCode = 200
2017-12-30 15:15:00 INFO  ApacheHttpClient.sendEvent(450) - responseCode = 200
2017-12-30 15:16:00 INFO  ApacheHttpClient.sendEvent(450) - responseCode = 200
2017-12-30 15:17:00 INFO  ApacheHttpClient.sendEvent(450) - responseCode = 200
2017-12-30 15:18:00 INFO  ApacheHttpClient.sendEvent(450) - responseCode = 200
2017-12-30 15:19:00 INFO  ApacheHttpClient.sendEvent(450) - responseCode = 200
2017-12-30 15:20:00 INFO  ApacheHttpClient.sendEvent(450) - responseCode = 200
2017-12-30 15:21:00 INFO  ApacheHttpClient.sendEvent(450) - responseCode = 200
2017-12-30 15:22:00 INFO  ApacheHttpClient.sendEvent(450) - responseCode = 200
2017-12-30 15:23:00 INFO  ApacheHttpClient.sendEvent(450) - responseCode = 200
2017-12-30 15:24:00 INFO  ApacheHttpClient.sendEvent(450) - responseCode = 200
2017-12-30 15:25:00 INFO  ApacheHttpClient.sendEvent(450) - responseCode = 200
2017-12-30 15:26:00 INFO  ApacheHttpClient.sendEvent(450) - responseCode = 200
2017-12-30 15:27:00 INFO  ApacheHttpClient.sendEvent(450) - responseCode = 200
2017-12-30 15:28:00 INFO  ApacheHttpClient.sendEvent(450) - responseCode = 200
2017-12-30 15:29:00 INFO  ApacheHttpClient.sendEvent(450) - responseCode = 200
2017-12-30 15:30:00 INFO  ApacheHttpClient.sendEvent(450) - responseCode = 200
2017-12-30 15:31:00 INFO  ApacheHttpClient.sendEvent(450) - responseCode = 200
2017-12-30 15:32:00 INFO  ApacheHttpClient.sendEvent(450) - responseCode = 200
2017-12-30 15:33:00 INFO  ApacheHttpClient.sendEvent(450) - responseCode = 200
2017-12-30 15:34:00 INFO  ApacheHttpClient.sendEvent(450) - responseCode = 200
2017-12-30 15:35:00 INFO  ApacheHttpClient.sendEvent(450) - responseCode = 200
2017-12-30 15:36:00 INFO  ApacheHttpClient.sendEvent(450) - responseCode = 200
2017-12-30 15:37:00 INFO  ApacheHttpClient.sendEvent(450) - responseCode = 200
2017-12-30 15:38:00 INFO  ApacheHttpClient.sendEvent(450) - responseCode = 200
2017-12-30 15:39:00 INFO  ApacheHttpClient.sendEvent(450) - responseCode = 200
2017-12-30 15:40:00 INFO  ApacheHttpClient.sendEvent(450) - responseCode = 200
2017-12-30 15:41:00 INFO  ApacheHttpClient.sendEvent(450) - responseCode = 200
2017-12-30 15:42:00 INFO  ApacheHttpClient.sendEvent(450) - responseCode = 200
2017-12-30 15:43:00 INFO  ApacheHttpClient.sendEvent(450) - responseCode = 200
2017-12-30 15:44:00 INFO  ApacheHttpClient.sendEvent(450) - responseCode = 200
2017-12-30 15:45:00 INFO  ApacheHttpClient.sendEvent(450) - responseCode = 200
2017-12-30 15:46:00 INFO  ApacheHttpClient.sendEvent(450) - responseCode = 200
2017-12-30 15:47:00 INFO  ApacheHttpClient.sendEvent(450) - responseCode = 200
2017-12-30 15:48:00 INFO  ApacheHttpClient.sendEvent(450) - responseCode = 200
2017-12-30 15:49:00 INFO  ApacheHttpClient.sendEvent(450) - responseCode = 200
2017-12-30 15:50:00 INFO  ApacheHttpClient.sendEvent(450) - responseCode = 200
2017-12-30 15:51:00 INFO  ApacheHttpClient.sendEvent(450) - responseCode = 200
2017-12-30 15:52:00 INFO  ApacheHttpClient.sendEvent(450) - responseCode = 200
2017-12-30 15:53:00 INFO  ApacheHttpClient.sendEvent(450) - responseCode = 200
2017-12-30 15:54:00 INFO  ApacheHttpClient.sendEvent(450) - responseCode = 200
2017-12-30 15:55:00 INFO  ApacheHttpClient.sendEvent(450) - responseCode = 200
2017-12-30 15:56:00 INFO  ApacheHttpClient.sendEvent(450) - responseCode = 200
2017-12-30 15:57:00 INFO  ApacheHttpClient.sendEvent(450) - responseCode = 200
2017-12-30 15:58:00 INFO  ApacheHttpClient.sendEvent(450) - responseCode = 200
2017-12-30 15:59:00 INFO  ApacheHttpClient.sendEvent(450) - responseCode = 200
2017-12-30 16:00:00 INFO  ApacheHttpClient.sendEvent(450) - responseCode = 200
2017-12-30 16:01:00 INFO  ApacheHttpClient.sendEvent(450) - responseCode = 200
2017-12-30 16:02:00 INFO  ApacheHttpClient.sendEvent(450) - responseCode = 200
2017-12-30 16:03:00 INFO  ApacheHttpClient.sendEvent(450) - responseCode = 200
2017-12-30 16:04:00 INFO  ApacheHttpClient.sendEvent(450) - responseCode = 200
2017-12-30 16:05:00 INFO  ApacheHttpClient.sendEvent(450) - responseCode = 200
2017-12-30 16:06:00 INFO  ApacheHttpClient.sendEvent(450) - responseCode = 200
2017-12-30 16:07:00 INFO  ApacheHttpClient.sendEvent(450) - responseCode = 200
2017-12-30 16:08:00 INFO  ApacheHttpClient.sendEvent(450) - responseCode = 200
2017-12-30 16:09:00 INFO  ApacheHttpClient.sendEvent(450) - responseCode = 200
2017-12-30 16:10:00 INFO  ApacheHttpClient.sendEvent(450) - responseCode = 200
2017-12-30 16:11:00 INFO  ApacheHttpClient.sendEvent(450) - responseCode = 200
2017-12-30 16:12:00 INFO  ApacheHttpClient.sendEvent(450) - responseCode = 200
2017-12-30 16:13:00 INFO  ApacheHttpClient.sendEvent(450) - responseCode = 200
2017-12-30 16:14:00 INFO  ApacheHttpClient.sendEvent(450) - responseCode = 200
2017-12-30 16:15:00 INFO  ApacheHttpClient.sendEvent(450) - responseCode = 200
2017-12-30 16:16:00 INFO  ApacheHttpClient.sendEvent(450) - responseCode = 200
2017-12-30 16:17:00 INFO  ApacheHttpClient.sendEvent(450) - responseCode = 200
2017-12-30 16:18:00 INFO  ApacheHttpClient.sendEvent(450) - responseCode = 200
2017-12-30 16:19:00 INFO  ApacheHttpClient.sendEvent(450) - responseCode = 200
2017-12-30 16:20:00 INFO  ApacheHttpClient.sendEvent(450) - responseCode = 200
2017-12-30 16:21:00 INFO  ApacheHttpClient.sendEvent(450) - responseCode = 200
2017-12-30 16:22:00 INFO  ApacheHttpClient.sendEvent(450) - responseCode = 200
2017-12-30 16:23:00 INFO  ApacheHttpClient.sendEvent(450) - responseCode = 200
2017-12-30 16:24:00 INFO  ApacheHttpClient.sendEvent(450) - responseCode = 200
2017-12-30 16:25:00 INFO  ApacheHttpClient.sendEvent(450) - responseCode = 200
2017-12-30 16:26:00 INFO  ApacheHttpClient.sendEvent(450) - responseCode = 200
2017-12-30 16:27:00 INFO  ApacheHttpClient.sendEvent(450) - responseCode = 200
2017-12-30 16:28:00 INFO  ApacheHttpClient.sendEvent(450) - responseCode = 200
2017-12-30 16:29:00 INFO  ApacheHttpClient.sendEvent(450) - responseCode = 200
2017-12-30 16:30:00 INFO  ApacheHttpClient.sendEvent(450) - responseCode = 200
2017-12-30 16:31:00 INFO  ApacheHttpClient.sendEvent(450) - responseCode = 200
2017-12-30 16:32:00 INFO  ApacheHttpClient.sendEvent(450) - responseCode = 200
2017-12-30 16:33:00 INFO  ApacheHttpClient.sendEvent(450) - responseCode = 200
2017-12-30 16:34:00 INFO  ApacheHttpClient.sendEvent(450) - responseCode = 200
2017-12-30 16:35:00 INFO  ApacheHttpClient.sendEvent(450) - responseCode = 200
2017-12-30 16:36:00 INFO  ApacheHttpClient.sendEvent(450) - responseCode = 200
2017-12-30 16:37:00 INFO  ApacheHttpClient.sendEvent(450) - responseCode = 200
2017-12-30 16:38:00 INFO  ApacheHttpClient.sendEvent(450) - responseCode = 200
2017-12-30 16:39:00 INFO  ApacheHttpClient.sendEvent(450) - responseCode = 200
2017-12-30 16:40:00 INFO  ApacheHttpClient.sendEvent(450) - responseCode = 200
2017-12-30 16:41:00 INFO  ApacheHttpClient.sendEvent(450) - responseCode = 200
2017-12-30 16:42:00 INFO  ApacheHttpClient.sendEvent(450) - responseCode = 200
2017-12-30 16:43:00 INFO  ApacheHttpClient.sendEvent(450) - responseCode = 200
2017-12-30 16:44:00 INFO  ApacheHttpClient.sendEvent(450) - responseCode = 200
2017-12-30 16:45:00 INFO  ApacheHttpClient.sendEvent(450) - responseCode = 200
2017-12-30 16:46:00 INFO  ApacheHttpClient.sendEvent(450) - responseCode = 200
2017-12-30 16:47:00 INFO  ApacheHttpClient.sendEvent(450) - responseCode = 200
2017-12-30 16:48:00 INFO  ApacheHttpClient.sendEvent(450) - responseCode = 200
2017-12-30 16:49:00 INFO  ApacheHttpClient.sendEvent(450) - responseCode = 200
2017-12-30 16:50:00 INFO  ApacheHttpClient.sendEvent(450) - responseCode = 200
2017-12-30 16:51:00 INFO  ApacheHttpClient.sendEvent(450) - responseCode = 200
2017-12-30 16:52:00 INFO  ApacheHttpClient.sendEvent(450) - responseCode = 200
2017-12-30 16:53:00 INFO  ApacheHttpClient.sendEvent(450) - responseCode = 200
2017-12-30 16:54:00 INFO  ApacheHttpClient.sendEvent(450) - responseCode = 200
2017-12-30 16:55:00 INFO  ApacheHttpClient.sendEvent(450) - responseCode = 200
2017-12-30 16:56:00 INFO  ApacheHttpClient.sendEvent(450) - responseCode = 200
2017-12-30 16:57:00 INFO  ApacheHttpClient.sendEvent(450) - responseCode = 200
2017-12-30 16:58:00 INFO  ApacheHttpClient.sendEvent(450) - responseCode = 200
2017-12-30 16:59:00 INFO  ApacheHttpClient.sendEvent(450) - responseCode = 200
2017-12-30 17:00:00 INFO  ApacheHttpClient.sendEvent(450) - responseCode = 200
2017-12-30 17:01:00 INFO  ApacheHttpClient.sendEvent(450) - responseCode = 200
2017-12-30 17:02:00 INFO  ApacheHttpClient.sendEvent(450) - responseCode = 200
2017-12-30 17:03:00 INFO  ApacheHttpClient.sendEvent(450) - responseCode = 200
2017-12-30 17:04:00 INFO  ApacheHttpClient.sendEvent(450) - responseCode = 200
2017-12-30 17:05:00 INFO  ApacheHttpClient.sendEvent(450) - responseCode = 200
2017-12-30 17:06:00 INFO  ApacheHttpClient.sendEvent(450) - responseCode = 200
2017-12-30 17:07:00 INFO  ApacheHttpClient.sendEvent(450) - responseCode = 200
2017-12-30 17:08:00 INFO  ApacheHttpClient.sendEvent(450) - responseCode = 200
2017-12-30 17:09:00 INFO  ApacheHttpClient.sendEvent(450) - responseCode = 200
2017-12-30 17:10:00 INFO  ApacheHttpClient.sendEvent(450) - responseCode = 200
2017-12-30 17:11:00 INFO  ApacheHttpClient.sendEvent(450) - responseCode = 200
2017-12-30 17:12:00 INFO  ApacheHttpClient.sendEvent(450) - responseCode = 200
2017-12-30 17:13:00 INFO  ApacheHttpClient.sendEvent(450) - responseCode = 200
2017-12-30 17:14:00 INFO  ApacheHttpClient.sendEvent(450) - responseCode = 200
2017-12-30 17:15:00 INFO  ApacheHttpClient.sendEvent(450) - responseCode = 200
2017-12-30 17:16:00 INFO  ApacheHttpClient.sendEvent(450) - responseCode = 200
2017-12-30 17:17:00 INFO  ApacheHttpClient.sendEvent(450) - responseCode = 200
2017-12-30 17:18:00 INFO  ApacheHttpClient.sendEvent(450) - responseCode = 200
2017-12-30 17:19:00 INFO  ApacheHttpClient.sendEvent(450) - responseCode = 200
2017-12-30 17:20:00 INFO  ApacheHttpClient.sendEvent(450) - responseCode = 200
2017-12-30 17:21:00 INFO  ApacheHttpClient.sendEvent(450) - responseCode = 200
2017-12-30 17:22:00 INFO  ApacheHttpClient.sendEvent(450) - responseCode = 200
2017-12-30 17:23:00 INFO  ApacheHttpClient.sendEvent(450) - responseCode = 200
2017-12-30 17:24:00 INFO  ApacheHttpClient.sendEvent(450) - responseCode = 200
2017-12-30 17:25:00 INFO  ApacheHttpClient.sendEvent(450) - responseCode = 200
2017-12-30 17:26:00 INFO  ApacheHttpClient.sendEvent(450) - responseCode = 200
2017-12-30 17:27:00 INFO  ApacheHttpClient.sendEvent(450) - responseCode = 200
2017-12-30 17:28:00 INFO  ApacheHttpClient.sendEvent(450) - responseCode = 200
2017-12-30 17:29:00 INFO  ApacheHttpClient.sendEvent(450) - responseCode = 200
2017-12-30 17:30:00 INFO  ApacheHttpClient.sendEvent(450) - responseCode = 200
2017-12-30 17:31:00 INFO  ApacheHttpClient.sendEvent(450) - responseCode = 200
2017-12-30 17:32:00 INFO  ApacheHttpClient.sendEvent(450) - responseCode = 200
2017-12-30 17:33:00 INFO  ApacheHttpClient.sendEvent(450) - responseCode = 200
2017-12-30 17:34:00 INFO  ApacheHttpClient.sendEvent(450) - responseCode = 200
2017-12-30 17:35:00 INFO  ApacheHttpClient.sendEvent(450) - responseCode = 200
2017-12-30 17:36:00 INFO  ApacheHttpClient.sendEvent(450) - responseCode = 200
2017-12-30 17:37:00 INFO  ApacheHttpClient.sendEvent(450) - responseCode = 200
2017-12-30 17:38:00 INFO  ApacheHttpClient.sendEvent(450) - responseCode = 200
2017-12-30 17:39:00 INFO  ApacheHttpClient.sendEvent(450) - responseCode = 200
2017-12-30 17:40:00 INFO  ApacheHttpClient.sendEvent(450) - responseCode = 200
2017-12-30 17:41:00 INFO  ApacheHttpClient.sendEvent(450) - responseCode = 200
2017-12-30 17:42:00 INFO  ApacheHttpClient.sendEvent(450) - responseCode = 200
2017-12-30 17:43:00 INFO  ApacheHttpClient.sendEvent(450) - responseCode = 200
2017-12-30 17:44:00 INFO  ApacheHttpClient.sendEvent(450) - responseCode = 200
2017-12-30 17:45:00 INFO  ApacheHttpClient.sendEvent(450) - responseCode = 200
2017-12-30 17:46:00 INFO  ApacheHttpClient.sendEvent(450) - responseCode = 200
2017-12-30 17:47:00 INFO  ApacheHttpClient.sendEvent(450) - responseCode = 200
2017-12-30 17:48:00 INFO  ApacheHttpClient.sendEvent(450) - responseCode = 200
2017-12-30 17:49:00 INFO  ApacheHttpClient.sendEvent(450) - responseCode = 200
2017-12-30 17:50:00 INFO  ApacheHttpClient.sendEvent(450) - responseCode = 200
2017-12-30 17:51:00 INFO  ApacheHttpClient.sendEvent(450) - responseCode = 200
2017-12-30 17:52:00 INFO  ApacheHttpClient.sendEvent(450) - responseCode = 200
2017-12-30 17:53:00 INFO  ApacheHttpClient.sendEvent(450) - responseCode = 200
2017-12-30 17:54:00 INFO  ApacheHttpClient.sendEvent(450) - responseCode = 200
2017-12-30 17:55:00 INFO  ApacheHttpClient.sendEvent(450) - responseCode = 200
2017-12-30 17:56:00 INFO  ApacheHttpClient.sendEvent(450) - responseCode = 200
2017-12-30 17:57:00 INFO  ApacheHttpClient.sendEvent(450) - responseCode = 200
2017-12-30 17:58:00 INFO  ApacheHttpClient.sendEvent(450) - responseCode = 200
2017-12-30 17:59:00 INFO  ApacheHttpClient.sendEvent(450) - responseCode = 200
2017-12-30 18:00:00 INFO  ApacheHttpClient.sendEvent(450) - responseCode = 200
2017-12-30 18:01:00 INFO  ApacheHttpClient.sendEvent(450) - responseCode = 200
2017-12-30 18:02:00 INFO  ApacheHttpClient.sendEvent(450) - responseCode = 200
2017-12-30 18:03:00 INFO  ApacheHttpClient.sendEvent(450) - responseCode = 200
2017-12-30 18:04:01 INFO  ApacheHttpClient.sendEvent(450) - responseCode = 200
2017-12-30 18:05:00 INFO  ApacheHttpClient.sendEvent(450) - responseCode = 200
2017-12-30 18:06:00 INFO  ApacheHttpClient.sendEvent(450) - responseCode = 200
2017-12-30 18:07:00 INFO  ApacheHttpClient.sendEvent(450) - responseCode = 200
2017-12-30 18:08:00 INFO  ApacheHttpClient.sendEvent(450) - responseCode = 200
2017-12-30 18:09:00 INFO  ApacheHttpClient.sendEvent(450) - responseCode = 200
2017-12-30 18:10:00 INFO  ApacheHttpClient.sendEvent(450) - responseCode = 200
2017-12-30 18:11:00 INFO  ApacheHttpClient.sendEvent(450) - responseCode = 200
2017-12-30 18:12:00 INFO  ApacheHttpClient.sendEvent(450) - responseCode = 200
2017-12-30 18:13:00 INFO  ApacheHttpClient.sendEvent(450) - responseCode = 200
2017-12-30 18:14:00 INFO  ApacheHttpClient.sendEvent(450) - responseCode = 200
2017-12-30 18:15:00 INFO  ApacheHttpClient.sendEvent(450) - responseCode = 200
2017-12-30 18:16:00 INFO  ApacheHttpClient.sendEvent(450) - responseCode = 200
2017-12-30 18:17:00 INFO  ApacheHttpClient.sendEvent(450) - responseCode = 200
2017-12-30 18:18:00 INFO  ApacheHttpClient.sendEvent(450) - responseCode = 200
2017-12-30 18:19:00 INFO  ApacheHttpClient.sendEvent(450) - responseCode = 200
2017-12-30 18:20:00 INFO  ApacheHttpClient.sendEvent(450) - responseCode = 200
2017-12-30 18:21:00 INFO  ApacheHttpClient.sendEvent(450) - responseCode = 200
2017-12-30 18:22:00 INFO  ApacheHttpClient.sendEvent(450) - responseCode = 200
2017-12-30 18:23:00 INFO  ApacheHttpClient.sendEvent(450) - responseCode = 200
2017-12-30 18:24:00 INFO  ApacheHttpClient.sendEvent(450) - responseCode = 200
2017-12-30 18:25:00 INFO  ApacheHttpClient.sendEvent(450) - responseCode = 200
2017-12-30 18:26:00 INFO  ApacheHttpClient.sendEvent(450) - responseCode = 200
2017-12-30 18:27:00 INFO  ApacheHttpClient.sendEvent(450) - responseCode = 200
2017-12-30 18:28:00 INFO  ApacheHttpClient.sendEvent(450) - responseCode = 200
2017-12-30 18:29:00 INFO  ApacheHttpClient.sendEvent(450) - responseCode = 200
2017-12-30 18:30:00 INFO  ApacheHttpClient.sendEvent(450) - responseCode = 200
2017-12-30 18:31:00 INFO  ApacheHttpClient.sendEvent(450) - responseCode = 200
2017-12-30 18:32:00 INFO  ApacheHttpClient.sendEvent(450) - responseCode = 200
2017-12-30 18:33:00 INFO  ApacheHttpClient.sendEvent(450) - responseCode = 200
2017-12-30 18:34:00 INFO  ApacheHttpClient.sendEvent(450) - responseCode = 200
2017-12-30 18:35:00 INFO  ApacheHttpClient.sendEvent(450) - responseCode = 200
2017-12-30 18:36:00 INFO  ApacheHttpClient.sendEvent(450) - responseCode = 200
2017-12-30 18:37:00 INFO  ApacheHttpClient.sendEvent(450) - responseCode = 200
2017-12-30 18:38:00 INFO  ApacheHttpClient.sendEvent(450) - responseCode = 200
2017-12-30 18:39:00 INFO  ApacheHttpClient.sendEvent(450) - responseCode = 200
2017-12-30 18:40:00 INFO  ApacheHttpClient.sendEvent(450) - responseCode = 200
2017-12-30 18:41:00 INFO  ApacheHttpClient.sendEvent(450) - responseCode = 200
2017-12-30 18:42:00 INFO  ApacheHttpClient.sendEvent(450) - responseCode = 200
2017-12-30 18:43:00 INFO  ApacheHttpClient.sendEvent(450) - responseCode = 200
2017-12-30 18:44:00 INFO  ApacheHttpClient.sendEvent(450) - responseCode = 200
2017-12-30 18:45:00 INFO  ApacheHttpClient.sendEvent(450) - responseCode = 200
2017-12-30 18:46:00 INFO  ApacheHttpClient.sendEvent(450) - responseCode = 200
2017-12-30 18:47:00 INFO  ApacheHttpClient.sendEvent(450) - responseCode = 200
2017-12-30 18:48:00 INFO  ApacheHttpClient.sendEvent(450) - responseCode = 200
2017-12-30 18:49:00 INFO  ApacheHttpClient.sendEvent(450) - responseCode = 200
2017-12-30 18:50:00 INFO  ApacheHttpClient.sendEvent(450) - responseCode = 200
2017-12-30 18:51:00 INFO  ApacheHttpClient.sendEvent(450) - responseCode = 200
2017-12-30 18:52:00 INFO  ApacheHttpClient.sendEvent(450) - responseCode = 200
2017-12-30 18:53:00 INFO  ApacheHttpClient.sendEvent(450) - responseCode = 200
2017-12-30 18:54:00 INFO  ApacheHttpClient.sendEvent(450) - responseCode = 200
2017-12-30 18:55:00 INFO  ApacheHttpClient.sendEvent(450) - responseCode = 200
2017-12-30 18:56:00 INFO  ApacheHttpClient.sendEvent(450) - responseCode = 200
2017-12-30 18:57:00 INFO  ApacheHttpClient.sendEvent(450) - responseCode = 200
2017-12-30 18:58:00 INFO  ApacheHttpClient.sendEvent(450) - responseCode = 200
2017-12-30 18:59:00 INFO  ApacheHttpClient.sendEvent(450) - responseCode = 200
2017-12-30 19:00:00 INFO  ApacheHttpClient.sendEvent(450) - responseCode = 200
2017-12-30 19:01:00 INFO  ApacheHttpClient.sendEvent(450) - responseCode = 200
2017-12-30 19:02:00 INFO  ApacheHttpClient.sendEvent(450) - responseCode = 200
2017-12-30 19:03:00 INFO  ApacheHttpClient.sendEvent(450) - responseCode = 200
2017-12-30 19:04:00 INFO  ApacheHttpClient.sendEvent(450) - responseCode = 200
2017-12-30 19:05:00 INFO  ApacheHttpClient.sendEvent(450) - responseCode = 200
2017-12-30 19:05:44 INFO  ApacheHttpClient.getWebResourceAsStream(420) - responseCode = 200
2017-12-30 19:05:44 INFO  ApacheHttpClient.getTask(405) - responseCode = 200
2017-12-30 19:05:44 INFO  ApacheHttpClient.getTask(405) - responseCode = 200
2017-12-30 19:05:45 INFO  ApacheHttpClient.getWebResourceAsStream(420) - responseCode = 200
2017-12-30 19:05:45 INFO  ApacheHttpClient.completed(27) - responseCode = 400
2017-12-30 19:05:45 WARN  TaskCompleted.run(66) - Задача "Модификатор запутался" уже решена
2017-12-30 19:05:55 INFO  ApacheHttpClient.getWebResourceAsStream(420) - responseCode = 200
2017-12-30 19:05:55 INFO  ApacheHttpClient.getFilteredTasks(307) - responseCode = 200
2017-12-30 19:05:56 INFO  ApacheHttpClient.getTaskTemplateInfo(324) - responseCode = 200
2017-12-30 19:05:57 INFO  ApacheHttpClient.testConnection(178) - responseCode = 200
2017-12-30 19:05:57 INFO  ApacheHttpClient.testConnection(185) - result = true
2017-12-30 19:05:58 INFO  ApacheHttpClient.testConnection(178) - responseCode = 200
2017-12-30 19:05:58 INFO  ApacheHttpClient.testConnection(185) - result = true
2017-12-30 19:05:58 INFO  ApacheHttpClient.getWebResourceAsStream(420) - responseCode = 200
2017-12-30 19:06:00 INFO  ApacheHttpClient.sendEvent(450) - responseCode = 200
2017-12-30 19:06:05 INFO  ApacheHttpClient.getWebResourceAsStream(420) - responseCode = 200
2017-12-30 19:06:05 INFO  ApacheHttpClient.getTask(405) - responseCode = 200
2017-12-30 19:06:05 INFO  ApacheHttpClient.getWebResourceAsStream(420) - responseCode = 200
2017-12-30 19:06:07 INFO  ApacheHttpClient.completed(27) - responseCode = 200
2017-12-30 19:07:00 INFO  ApacheHttpClient.sendEvent(450) - responseCode = 200
2017-12-30 19:08:00 INFO  ApacheHttpClient.sendEvent(450) - responseCode = 200
2017-12-30 19:09:00 INFO  ApacheHttpClient.sendEvent(450) - responseCode = 200
2017-12-30 19:10:00 INFO  ApacheHttpClient.sendEvent(450) - responseCode = 200
2017-12-30 19:11:00 INFO  ApacheHttpClient.sendEvent(450) - responseCode = 200
2017-12-30 19:12:00 INFO  ApacheHttpClient.sendEvent(450) - responseCode = 200
2017-12-30 19:13:00 INFO  ApacheHttpClient.sendEvent(450) - responseCode = 200
2017-12-30 19:14:00 INFO  ApacheHttpClient.sendEvent(450) - responseCode = 200
2017-12-30 19:15:00 INFO  ApacheHttpClient.sendEvent(450) - responseCode = 200
2017-12-30 19:16:00 INFO  ApacheHttpClient.sendEvent(450) - responseCode = 200
2017-12-30 19:17:00 INFO  ApacheHttpClient.sendEvent(450) - responseCode = 200
2017-12-30 19:18:00 INFO  ApacheHttpClient.sendEvent(450) - responseCode = 200
2017-12-30 19:19:00 INFO  ApacheHttpClient.sendEvent(450) - responseCode = 200
2017-12-30 19:20:00 INFO  ApacheHttpClient.sendEvent(450) - responseCode = 200
2017-12-30 19:21:00 INFO  ApacheHttpClient.sendEvent(450) - responseCode = 200
2017-12-30 19:22:00 INFO  ApacheHttpClient.sendEvent(450) - responseCode = 200
2017-12-30 19:23:00 INFO  ApacheHttpClient.sendEvent(450) - responseCode = 200
2017-12-30 19:24:00 INFO  ApacheHttpClient.sendEvent(450) - responseCode = 200
2017-12-30 19:25:00 INFO  ApacheHttpClient.sendEvent(450) - responseCode = 200
2017-12-30 19:26:00 INFO  ApacheHttpClient.sendEvent(450) - responseCode = 200
2017-12-30 19:27:00 INFO  ApacheHttpClient.sendEvent(450) - responseCode = 200
2017-12-30 19:28:00 INFO  ApacheHttpClient.sendEvent(450) - responseCode = 200
2017-12-30 19:29:00 INFO  ApacheHttpClient.sendEvent(450) - responseCode = 200
2017-12-30 19:30:00 INFO  ApacheHttpClient.sendEvent(450) - responseCode = 200
2017-12-30 19:31:00 INFO  ApacheHttpClient.sendEvent(450) - responseCode = 200
2017-12-30 19:32:00 INFO  ApacheHttpClient.sendEvent(450) - responseCode = 200
2017-12-30 19:33:00 INFO  ApacheHttpClient.sendEvent(450) - responseCode = 200
2017-12-30 19:34:00 INFO  ApacheHttpClient.sendEvent(450) - responseCode = 200
2017-12-30 19:35:00 INFO  ApacheHttpClient.sendEvent(450) - responseCode = 200
2017-12-30 19:36:00 INFO  ApacheHttpClient.sendEvent(450) - responseCode = 200
2017-12-30 19:37:00 INFO  ApacheHttpClient.sendEvent(450) - responseCode = 200
2017-12-30 19:38:00 INFO  ApacheHttpClient.sendEvent(450) - responseCode = 200
2017-12-30 19:39:00 INFO  ApacheHttpClient.sendEvent(450) - responseCode = 200
2017-12-30 19:40:00 INFO  ApacheHttpClient.sendEvent(450) - responseCode = 200
2017-12-30 19:41:00 INFO  ApacheHttpClient.sendEvent(450) - responseCode = 200
2017-12-30 19:42:00 INFO  ApacheHttpClient.sendEvent(450) - responseCode = 200
2017-12-30 19:43:00 INFO  ApacheHttpClient.sendEvent(450) - responseCode = 200
2017-12-30 19:44:00 INFO  ApacheHttpClient.sendEvent(450) - responseCode = 200
2017-12-30 19:45:00 INFO  ApacheHttpClient.sendEvent(450) - responseCode = 200
2017-12-30 19:46:00 INFO  ApacheHttpClient.sendEvent(450) - responseCode = 200
2017-12-30 19:47:00 INFO  ApacheHttpClient.sendEvent(450) - responseCode = 200
2017-12-30 19:48:00 INFO  ApacheHttpClient.sendEvent(450) - responseCode = 200
2017-12-30 19:49:00 INFO  ApacheHttpClient.sendEvent(450) - responseCode = 200
2017-12-30 19:50:00 INFO  ApacheHttpClient.sendEvent(450) - responseCode = 200
2017-12-30 19:51:00 INFO  ApacheHttpClient.sendEvent(450) - responseCode = 200
2017-12-30 19:52:00 INFO  ApacheHttpClient.sendEvent(450) - responseCode = 200
2017-12-30 19:53:00 INFO  ApacheHttpClient.sendEvent(450) - responseCode = 200
2017-12-30 19:54:00 INFO  ApacheHttpClient.sendEvent(450) - responseCode = 200
2017-12-30 19:55:00 INFO  ApacheHttpClient.sendEvent(450) - responseCode = 200
2017-12-30 19:56:00 INFO  ApacheHttpClient.sendEvent(450) - responseCode = 200
2017-12-30 19:57:00 INFO  ApacheHttpClient.sendEvent(450) - responseCode = 200
2017-12-30 19:58:00 INFO  ApacheHttpClient.sendEvent(450) - responseCode = 200
2017-12-30 19:59:00 INFO  ApacheHttpClient.sendEvent(450) - responseCode = 200
2017-12-30 20:00:00 INFO  ApacheHttpClient.sendEvent(450) - responseCode = 200
2017-12-30 20:01:00 INFO  ApacheHttpClient.sendEvent(450) - responseCode = 200
2017-12-30 20:01:36 INFO  ApacheHttpClient.getWebResourceAsStream(420) - responseCode = 200
2017-12-30 20:01:36 INFO  ApacheHttpClient.getTask(405) - responseCode = 200
2017-12-30 20:01:36 INFO  ApacheHttpClient.getWebResourceAsStream(420) - responseCode = 200
2017-12-30 20:01:38 INFO  ApacheHttpClient.completed(27) - responseCode = 200
2017-12-30 20:02:00 INFO  ApacheHttpClient.sendEvent(450) - responseCode = 200
2017-12-30 20:03:00 INFO  ApacheHttpClient.sendEvent(450) - responseCode = 200
2017-12-30 20:04:00 INFO  ApacheHttpClient.sendEvent(450) - responseCode = 200
2017-12-30 20:05:00 INFO  ApacheHttpClient.sendEvent(450) - responseCode = 200
2017-12-30 20:05:12 INFO  ApacheHttpClient.getWebResourceAsStream(420) - responseCode = 200
2017-12-30 20:05:12 INFO  ApacheHttpClient.getTask(405) - responseCode = 200
2017-12-30 20:05:12 INFO  ApacheHttpClient.getWebResourceAsStream(420) - responseCode = 200
2017-12-30 20:05:14 INFO  ApacheHttpClient.completed(27) - responseCode = 200
2017-12-30 20:05:14 INFO  ApacheHttpClient.getTask(405) - responseCode = 200
2017-12-30 20:05:21 INFO  ApacheHttpClient.getWebResourceAsStream(420) - responseCode = 200
2017-12-30 20:05:21 INFO  ApacheHttpClient.getFilteredTasks(307) - responseCode = 200
2017-12-30 20:05:25 INFO  ApacheHttpClient.getTaskTemplateInfo(324) - responseCode = 200
2017-12-30 20:05:25 INFO  ApacheHttpClient.testConnection(178) - responseCode = 200
2017-12-30 20:05:25 INFO  ApacheHttpClient.testConnection(185) - result = true
2017-12-30 20:05:25 INFO  ApacheHttpClient.testConnection(178) - responseCode = 200
2017-12-30 20:05:25 INFO  ApacheHttpClient.testConnection(185) - result = true
2017-12-30 20:05:25 INFO  ApacheHttpClient.getWebResourceAsStream(420) - responseCode = 200
2017-12-30 20:06:00 INFO  ApacheHttpClient.sendEvent(450) - responseCode = 200
2017-12-30 20:07:00 INFO  ApacheHttpClient.sendEvent(450) - responseCode = 200
2017-12-30 20:08:00 INFO  ApacheHttpClient.sendEvent(450) - responseCode = 200
2017-12-30 20:09:00 INFO  ApacheHttpClient.sendEvent(450) - responseCode = 200
2017-12-30 20:10:00 INFO  ApacheHttpClient.sendEvent(450) - responseCode = 200
2017-12-30 20:11:00 INFO  ApacheHttpClient.sendEvent(450) - responseCode = 200
2017-12-30 20:12:00 INFO  ApacheHttpClient.sendEvent(450) - responseCode = 200
2017-12-30 20:13:00 INFO  ApacheHttpClient.sendEvent(450) - responseCode = 200
2017-12-30 20:14:00 INFO  ApacheHttpClient.sendEvent(450) - responseCode = 200
2017-12-30 20:15:00 INFO  ApacheHttpClient.sendEvent(450) - responseCode = 200
2017-12-30 20:16:00 INFO  ApacheHttpClient.sendEvent(450) - responseCode = 200
2017-12-30 20:17:00 INFO  ApacheHttpClient.sendEvent(450) - responseCode = 200
2017-12-30 20:18:00 INFO  ApacheHttpClient.sendEvent(450) - responseCode = 200
2017-12-30 20:19:00 INFO  ApacheHttpClient.sendEvent(450) - responseCode = 200
2017-12-30 20:20:00 INFO  ApacheHttpClient.sendEvent(450) - responseCode = 200
2017-12-30 20:21:00 INFO  ApacheHttpClient.sendEvent(450) - responseCode = 200
2017-12-30 20:22:00 INFO  ApacheHttpClient.sendEvent(450) - responseCode = 200
2017-12-30 20:23:00 INFO  ApacheHttpClient.sendEvent(450) - responseCode = 200
2017-12-30 20:24:00 INFO  ApacheHttpClient.sendEvent(450) - responseCode = 200
2017-12-30 20:25:00 INFO  ApacheHttpClient.sendEvent(450) - responseCode = 200
2017-12-30 20:26:00 INFO  ApacheHttpClient.sendEvent(450) - responseCode = 200
2017-12-30 20:27:00 INFO  ApacheHttpClient.sendEvent(450) - responseCode = 200
2017-12-30 20:28:00 INFO  ApacheHttpClient.sendEvent(450) - responseCode = 200
2017-12-30 20:29:00 INFO  ApacheHttpClient.sendEvent(450) - responseCode = 200
2017-12-30 20:30:00 INFO  ApacheHttpClient.sendEvent(450) - responseCode = 200
2017-12-30 20:31:00 INFO  ApacheHttpClient.sendEvent(450) - responseCode = 200
2017-12-30 20:32:00 INFO  ApacheHttpClient.sendEvent(450) - responseCode = 200
2017-12-30 20:33:00 INFO  ApacheHttpClient.sendEvent(450) - responseCode = 200
2017-12-30 20:34:00 INFO  ApacheHttpClient.sendEvent(450) - responseCode = 200
2017-12-30 20:35:00 INFO  ApacheHttpClient.sendEvent(450) - responseCode = 200
2017-12-30 20:36:00 INFO  ApacheHttpClient.sendEvent(450) - responseCode = 200
2017-12-30 20:37:00 INFO  ApacheHttpClient.sendEvent(450) - responseCode = 200
2017-12-30 20:38:00 INFO  ApacheHttpClient.sendEvent(450) - responseCode = 200
2017-12-30 20:39:00 INFO  ApacheHttpClient.sendEvent(450) - responseCode = 200
2017-12-30 20:40:00 INFO  ApacheHttpClient.sendEvent(450) - responseCode = 200
2017-12-30 20:41:00 INFO  ApacheHttpClient.sendEvent(450) - responseCode = 200
2017-12-30 20:42:00 INFO  ApacheHttpClient.sendEvent(450) - responseCode = 200
2017-12-30 20:43:00 INFO  ApacheHttpClient.sendEvent(450) - responseCode = 200
2017-12-30 20:44:00 INFO  ApacheHttpClient.sendEvent(450) - responseCode = 200
2017-12-30 20:45:00 INFO  ApacheHttpClient.sendEvent(450) - responseCode = 200
2017-12-30 20:46:00 INFO  ApacheHttpClient.sendEvent(450) - responseCode = 200
2017-12-30 20:47:00 INFO  ApacheHttpClient.sendEvent(450) - responseCode = 200
2017-12-30 20:48:00 INFO  ApacheHttpClient.sendEvent(450) - responseCode = 200
2017-12-30 20:49:00 INFO  ApacheHttpClient.sendEvent(450) - responseCode = 200
2017-12-30 20:50:00 INFO  ApacheHttpClient.sendEvent(450) - responseCode = 200
2017-12-30 20:51:00 INFO  ApacheHttpClient.sendEvent(450) - responseCode = 200
2017-12-30 20:52:00 INFO  ApacheHttpClient.sendEvent(450) - responseCode = 200
2017-12-30 20:53:00 INFO  ApacheHttpClient.sendEvent(450) - responseCode = 200
2017-12-30 20:54:00 INFO  ApacheHttpClient.sendEvent(450) - responseCode = 200
2017-12-30 20:55:00 INFO  ApacheHttpClient.sendEvent(450) - responseCode = 200
2017-12-30 20:56:00 INFO  ApacheHttpClient.sendEvent(450) - responseCode = 200
2017-12-30 20:57:00 INFO  ApacheHttpClient.sendEvent(450) - responseCode = 200
2017-12-30 20:58:00 INFO  ApacheHttpClient.sendEvent(450) - responseCode = 200
2017-12-30 20:59:00 INFO  ApacheHttpClient.sendEvent(450) - responseCode = 200
2017-12-30 21:00:00 INFO  ApacheHttpClient.sendEvent(450) - responseCode = 200
2017-12-30 21:01:00 INFO  ApacheHttpClient.sendEvent(450) - responseCode = 200
2017-12-30 21:02:01 INFO  ApacheHttpClient.sendEvent(450) - responseCode = 200
2017-12-30 21:03:00 INFO  ApacheHttpClient.sendEvent(450) - responseCode = 200
2017-12-30 21:04:00 INFO  ApacheHttpClient.sendEvent(450) - responseCode = 200
2017-12-30 21:05:00 INFO  ApacheHttpClient.sendEvent(450) - responseCode = 200
2017-12-30 21:06:00 INFO  ApacheHttpClient.sendEvent(450) - responseCode = 200
2017-12-30 21:07:00 INFO  ApacheHttpClient.sendEvent(450) - responseCode = 200
2017-12-30 21:08:00 INFO  ApacheHttpClient.sendEvent(450) - responseCode = 200
2017-12-30 21:09:00 INFO  ApacheHttpClient.sendEvent(450) - responseCode = 200
2017-12-30 21:10:00 INFO  ApacheHttpClient.sendEvent(450) - responseCode = 200
2017-12-30 21:11:00 INFO  ApacheHttpClient.sendEvent(450) - responseCode = 200
2017-12-30 21:12:00 INFO  ApacheHttpClient.sendEvent(450) - responseCode = 200
2017-12-30 21:13:00 INFO  ApacheHttpClient.sendEvent(450) - responseCode = 200
2017-12-30 21:14:00 INFO  ApacheHttpClient.sendEvent(450) - responseCode = 200
2017-12-30 21:15:00 INFO  ApacheHttpClient.sendEvent(450) - responseCode = 200
2017-12-30 21:16:00 INFO  ApacheHttpClient.sendEvent(450) - responseCode = 200
2017-12-30 21:17:00 INFO  ApacheHttpClient.sendEvent(450) - responseCode = 200
2017-12-30 21:18:00 INFO  ApacheHttpClient.sendEvent(450) - responseCode = 200
2017-12-30 21:19:00 INFO  ApacheHttpClient.sendEvent(450) - responseCode = 200
2017-12-30 21:20:00 INFO  ApacheHttpClient.sendEvent(450) - responseCode = 200
2017-12-30 21:21:00 INFO  ApacheHttpClient.sendEvent(450) - responseCode = 200
2017-12-30 21:22:00 INFO  ApacheHttpClient.sendEvent(450) - responseCode = 200
2017-12-30 21:23:00 INFO  ApacheHttpClient.sendEvent(450) - responseCode = 200
2017-12-30 21:24:00 INFO  ApacheHttpClient.sendEvent(450) - responseCode = 200
2017-12-30 21:25:00 INFO  ApacheHttpClient.sendEvent(450) - responseCode = 200
2017-12-30 21:26:00 INFO  ApacheHttpClient.sendEvent(450) - responseCode = 200
2017-12-30 21:26:11 INFO  ApacheHttpClient.getWebResourceAsStream(420) - responseCode = 200
2017-12-30 21:26:11 INFO  ApacheHttpClient.getTask(405) - responseCode = 200
2017-12-30 21:26:11 INFO  ApacheHttpClient.getWebResourceAsStream(420) - responseCode = 200
2017-12-30 21:26:13 INFO  ApacheHttpClient.completed(27) - responseCode = 200
2017-12-30 21:27:00 INFO  ApacheHttpClient.sendEvent(450) - responseCode = 200
2017-12-30 21:28:00 INFO  ApacheHttpClient.sendEvent(450) - responseCode = 200
2017-12-30 21:28:11 INFO  ApacheHttpClient.getWebResourceAsStream(420) - responseCode = 200
2017-12-30 21:28:12 INFO  ApacheHttpClient.getWebResourceAsStream(420) - responseCode = 200
2017-12-30 21:28:12 INFO  ApacheHttpClient.getTask(405) - responseCode = 200
2017-12-30 21:28:14 INFO  ApacheHttpClient.completed(27) - responseCode = 200
2017-12-30 21:28:14 INFO  ApacheHttpClient.getTask(405) - responseCode = 200
2017-12-30 21:29:00 INFO  ApacheHttpClient.sendEvent(450) - responseCode = 200
2017-12-30 21:29:22 INFO  ApacheHttpClient.getWebResourceAsStream(420) - responseCode = 200
2017-12-30 21:29:22 INFO  ApacheHttpClient.getFilteredTasks(307) - responseCode = 200
2017-12-30 21:29:23 INFO  ApacheHttpClient.getTaskTemplateInfo(324) - responseCode = 200
2017-12-30 21:29:24 INFO  ApacheHttpClient.testConnection(178) - responseCode = 200
2017-12-30 21:29:24 INFO  ApacheHttpClient.testConnection(185) - result = true
2017-12-30 21:29:24 INFO  ApacheHttpClient.testConnection(178) - responseCode = 200
2017-12-30 21:29:24 INFO  ApacheHttpClient.testConnection(185) - result = true
2017-12-30 21:29:24 INFO  ApacheHttpClient.getWebResourceAsStream(420) - responseCode = 200
2017-12-30 21:30:00 INFO  ApacheHttpClient.sendEvent(450) - responseCode = 200
2017-12-30 21:31:00 INFO  ApacheHttpClient.sendEvent(450) - responseCode = 200
2017-12-30 21:32:00 INFO  ApacheHttpClient.sendEvent(450) - responseCode = 200
2017-12-30 21:33:00 INFO  ApacheHttpClient.sendEvent(450) - responseCode = 200
2017-12-30 21:34:00 INFO  ApacheHttpClient.sendEvent(450) - responseCode = 200
2017-12-30 21:35:00 INFO  ApacheHttpClient.sendEvent(450) - responseCode = 200
2017-12-30 21:35:15 INFO  ApacheHttpClient.getWebResourceAsStream(420) - responseCode = 200
2017-12-30 21:35:15 INFO  ApacheHttpClient.getTask(405) - responseCode = 200
2017-12-30 21:35:15 INFO  ApacheHttpClient.getWebResourceAsStream(420) - responseCode = 200
2017-12-30 21:35:16 INFO  ApacheHttpClient.completed(27) - responseCode = 200
2017-12-30 21:35:16 INFO  ApacheHttpClient.getTask(405) - responseCode = 200
2017-12-30 21:35:18 INFO  ApacheHttpClient.getWebResourceAsStream(420) - responseCode = 200
2017-12-30 21:35:18 INFO  ApacheHttpClient.getFilteredTasks(307) - responseCode = 200
2017-12-30 21:35:30 INFO  ApacheHttpClient.getTaskTemplateInfo(324) - responseCode = 200
2017-12-30 21:35:30 INFO  ApacheHttpClient.testConnection(178) - responseCode = 200
2017-12-30 21:35:30 INFO  ApacheHttpClient.testConnection(185) - result = true
2017-12-30 21:35:30 INFO  ApacheHttpClient.testConnection(178) - responseCode = 200
2017-12-30 21:35:30 INFO  ApacheHttpClient.testConnection(185) - result = true
2017-12-30 21:35:30 INFO  ApacheHttpClient.getWebResourceAsStream(420) - responseCode = 200
2017-12-30 21:36:00 INFO  ApacheHttpClient.sendEvent(450) - responseCode = 200
2017-12-30 21:37:00 INFO  ApacheHttpClient.sendEvent(450) - responseCode = 200
2017-12-30 21:38:00 INFO  ApacheHttpClient.sendEvent(450) - responseCode = 200
2017-12-30 21:39:00 INFO  ApacheHttpClient.sendEvent(450) - responseCode = 200
2017-12-30 21:40:00 INFO  ApacheHttpClient.sendEvent(450) - responseCode = 200
2017-12-30 21:41:00 INFO  ApacheHttpClient.sendEvent(450) - responseCode = 200
2017-12-30 21:42:00 INFO  ApacheHttpClient.sendEvent(450) - responseCode = 200
2017-12-30 21:43:00 INFO  ApacheHttpClient.sendEvent(450) - responseCode = 200
2017-12-30 21:44:00 INFO  ApacheHttpClient.sendEvent(450) - responseCode = 200
2017-12-30 21:45:00 INFO  ApacheHttpClient.sendEvent(450) - responseCode = 200
2017-12-30 21:46:00 INFO  ApacheHttpClient.sendEvent(450) - responseCode = 200
2017-12-30 21:47:00 INFO  ApacheHttpClient.sendEvent(450) - responseCode = 200
2017-12-30 21:48:00 INFO  ApacheHttpClient.sendEvent(450) - responseCode = 200
2017-12-30 21:49:00 INFO  ApacheHttpClient.sendEvent(450) - responseCode = 200
2017-12-30 21:50:00 INFO  ApacheHttpClient.sendEvent(450) - responseCode = 200
2017-12-30 21:51:00 INFO  ApacheHttpClient.sendEvent(450) - responseCode = 200
2017-12-30 21:52:00 INFO  ApacheHttpClient.sendEvent(450) - responseCode = 200
2017-12-30 21:53:00 INFO  ApacheHttpClient.sendEvent(450) - responseCode = 200
2017-12-30 21:54:00 INFO  ApacheHttpClient.sendEvent(450) - responseCode = 200
2017-12-30 21:55:00 INFO  ApacheHttpClient.sendEvent(450) - responseCode = 200
2017-12-30 21:55:57 INFO  ApacheHttpClient.getWebResourceAsStream(420) - responseCode = 200
2017-12-30 21:55:57 INFO  ApacheHttpClient.getTask(405) - responseCode = 200
2017-12-30 21:55:57 INFO  ApacheHttpClient.getWebResourceAsStream(420) - responseCode = 200
2017-12-30 21:55:58 INFO  ApacheHttpClient.completed(27) - responseCode = 200
2017-12-30 21:56:00 INFO  ApacheHttpClient.sendEvent(450) - responseCode = 200
2017-12-30 21:57:00 INFO  ApacheHttpClient.sendEvent(450) - responseCode = 200
2017-12-30 21:57:42 INFO  ApacheHttpClient.getWebResourceAsStream(420) - responseCode = 200
2017-12-30 21:57:42 INFO  ApacheHttpClient.getTask(405) - responseCode = 200
2017-12-30 21:57:43 INFO  ApacheHttpClient.getTask(405) - responseCode = 200
2017-12-30 21:57:43 INFO  ApacheHttpClient.getWebResourceAsStream(420) - responseCode = 200
2017-12-30 21:57:44 INFO  ApacheHttpClient.completed(27) - responseCode = 200
2017-12-30 21:58:00 INFO  ApacheHttpClient.sendEvent(450) - responseCode = 200
2017-12-30 21:58:57 INFO  ApacheHttpClient.getWebResourceAsStream(420) - responseCode = 200
2017-12-30 21:58:57 INFO  ApacheHttpClient.getTask(405) - responseCode = 200
2017-12-30 21:58:58 INFO  ApacheHttpClient.getWebResourceAsStream(420) - responseCode = 200
2017-12-30 21:58:59 INFO  ApacheHttpClient.completed(27) - responseCode = 200
2017-12-30 21:58:59 INFO  ApacheHttpClient.getTask(405) - responseCode = 200
2017-12-30 21:59:00 INFO  ApacheHttpClient.sendEvent(450) - responseCode = 200
2017-12-30 21:59:10 INFO  ApacheHttpClient.getWebResourceAsStream(420) - responseCode = 200
2017-12-30 21:59:10 INFO  ApacheHttpClient.getFilteredTasks(307) - responseCode = 200
2017-12-30 21:59:13 INFO  ApacheHttpClient.getTaskTemplateInfo(324) - responseCode = 200
2017-12-30 21:59:13 INFO  ApacheHttpClient.testConnection(178) - responseCode = 200
2017-12-30 21:59:13 INFO  ApacheHttpClient.testConnection(185) - result = true
2017-12-30 21:59:14 INFO  ApacheHttpClient.testConnection(178) - responseCode = 200
2017-12-30 21:59:14 INFO  ApacheHttpClient.testConnection(185) - result = true
2017-12-30 21:59:14 INFO  ApacheHttpClient.getWebResourceAsStream(420) - responseCode = 200
2017-12-30 22:00:00 INFO  ApacheHttpClient.sendEvent(450) - responseCode = 200
2017-12-30 22:01:00 INFO  ApacheHttpClient.sendEvent(450) - responseCode = 200
2017-12-30 22:02:00 INFO  ApacheHttpClient.sendEvent(450) - responseCode = 200
2017-12-30 22:03:00 INFO  ApacheHttpClient.sendEvent(450) - responseCode = 200
2017-12-30 22:04:00 INFO  ApacheHttpClient.sendEvent(450) - responseCode = 200
2017-12-30 22:05:00 INFO  ApacheHttpClient.sendEvent(450) - responseCode = 200
2017-12-30 22:06:00 INFO  ApacheHttpClient.sendEvent(450) - responseCode = 200
2017-12-30 22:07:00 INFO  ApacheHttpClient.sendEvent(450) - responseCode = 200
2017-12-30 22:08:00 INFO  ApacheHttpClient.sendEvent(450) - responseCode = 200
2017-12-30 22:08:37 INFO  ApacheHttpClient.getWebResourceAsStream(420) - responseCode = 200
2017-12-30 22:08:37 INFO  ApacheHttpClient.getTask(405) - responseCode = 200
2017-12-30 22:08:37 INFO  ApacheHttpClient.getWebResourceAsStream(420) - responseCode = 200
2017-12-30 22:08:39 INFO  ApacheHttpClient.completed(27) - responseCode = 200
2017-12-30 22:08:39 INFO  ApacheHttpClient.getTask(405) - responseCode = 200
2017-12-30 22:08:42 INFO  ApacheHttpClient.getWebResourceAsStream(420) - responseCode = 200
2017-12-30 22:08:42 INFO  ApacheHttpClient.getFilteredTasks(307) - responseCode = 200
2017-12-30 22:09:00 INFO  ApacheHttpClient.sendEvent(450) - responseCode = 200
2017-12-30 22:10:00 INFO  ApacheHttpClient.sendEvent(450) - responseCode = 200
2017-12-30 22:11:00 INFO  ApacheHttpClient.sendEvent(450) - responseCode = 200
2017-12-30 22:12:00 INFO  ApacheHttpClient.sendEvent(450) - responseCode = 200
